        -:    0:Source:C:/msys64/ucrt64/include/c++/15.1.0/bits/stl_algo.h
        -:    0:Graph:test_time_logic_minimal_coverage-time_logic.gcno
        -:    0:Data:test_time_logic_minimal_coverage-time_logic.gcda
        -:    0:Runs:1
        -:    1:// Algorithm implementation -*- C++ -*-
        -:    2:
        -:    3:// Copyright (C) 2001-2025 Free Software Foundation, Inc.
        -:    4://
        -:    5:// This file is part of the GNU ISO C++ Library.  This library is free
        -:    6:// software; you can redistribute it and/or modify it under the
        -:    7:// terms of the GNU General Public License as published by the
        -:    8:// Free Software Foundation; either version 3, or (at your option)
        -:    9:// any later version.
        -:   10:
        -:   11:// This library is distributed in the hope that it will be useful,
        -:   12:// but WITHOUT ANY WARRANTY; without even the implied warranty of
        -:   13:// MERCHANTABILITY or FITNESS FOR A PARTICULAR PURPOSE.  See the
        -:   14:// GNU General Public License for more details.
        -:   15:
        -:   16:// Under Section 7 of GPL version 3, you are granted additional
        -:   17:// permissions described in the GCC Runtime Library Exception, version
        -:   18:// 3.1, as published by the Free Software Foundation.
        -:   19:
        -:   20:// You should have received a copy of the GNU General Public License and
        -:   21:// a copy of the GCC Runtime Library Exception along with this program;
        -:   22:// see the files COPYING3 and COPYING.RUNTIME respectively.  If not, see
        -:   23:// <http://www.gnu.org/licenses/>.
        -:   24:
        -:   25:/*
        -:   26: *
        -:   27: * Copyright (c) 1994
        -:   28: * Hewlett-Packard Company
        -:   29: *
        -:   30: * Permission to use, copy, modify, distribute and sell this software
        -:   31: * and its documentation for any purpose is hereby granted without fee,
        -:   32: * provided that the above copyright notice appear in all copies and
        -:   33: * that both that copyright notice and this permission notice appear
        -:   34: * in supporting documentation.  Hewlett-Packard Company makes no
        -:   35: * representations about the suitability of this software for any
        -:   36: * purpose.  It is provided "as is" without express or implied warranty.
        -:   37: *
        -:   38: *
        -:   39: * Copyright (c) 1996
        -:   40: * Silicon Graphics Computer Systems, Inc.
        -:   41: *
        -:   42: * Permission to use, copy, modify, distribute and sell this software
        -:   43: * and its documentation for any purpose is hereby granted without fee,
        -:   44: * provided that the above copyright notice appear in all copies and
        -:   45: * that both that copyright notice and this permission notice appear
        -:   46: * in supporting documentation.  Silicon Graphics makes no
        -:   47: * representations about the suitability of this software for any
        -:   48: * purpose.  It is provided "as is" without express or implied warranty.
        -:   49: */
        -:   50:
        -:   51:/** @file bits/stl_algo.h
        -:   52: *  This is an internal header file, included by other library headers.
        -:   53: *  Do not attempt to use it directly. @headername{algorithm}
        -:   54: */
        -:   55:
        -:   56:#ifndef _STL_ALGO_H
        -:   57:#define _STL_ALGO_H 1
        -:   58:
        -:   59:#include <bits/algorithmfwd.h>
        -:   60:#include <bits/stl_algobase.h>
        -:   61:#include <bits/stl_heap.h>
        -:   62:#include <bits/predefined_ops.h>
        -:   63:
        -:   64:#if __cplusplus >= 201103L
        -:   65:#include <bits/uniform_int_dist.h>
        -:   66:#endif
        -:   67:
        -:   68:#if _GLIBCXX_HOSTED
        -:   69:# include <bits/stl_tempbuf.h>  // for _Temporary_buffer
        -:   70:# if (__cplusplus <= 201103L || _GLIBCXX_USE_DEPRECATED)
        -:   71:#  include <cstdlib>	     // for rand
        -:   72:# endif
        -:   73:#endif
        -:   74:
        -:   75:#pragma GCC diagnostic push
        -:   76:#pragma GCC diagnostic ignored "-Wc++11-extensions" // inline namespace
        -:   77:
        -:   78:// See concept_check.h for the __glibcxx_*_requires macros.
        -:   79:
        -:   80:namespace std _GLIBCXX_VISIBILITY(default)
        -:   81:{
        -:   82:_GLIBCXX_BEGIN_NAMESPACE_VERSION
        -:   83:
        -:   84:  /// Swaps the median value of *__a, *__b and *__c under __comp to *__result
        -:   85:  template<typename _Iterator, typename _Compare>
        -:   86:    _GLIBCXX20_CONSTEXPR
        -:   87:    void
    #####:   88:    __move_median_to_first(_Iterator __result,_Iterator __a, _Iterator __b,
        -:   89:			   _Iterator __c, _Compare __comp)
        -:   90:    {
    #####:   91:      if (__comp(__a, __b))
        -:   92:	{
    #####:   93:	  if (__comp(__b, __c))
    #####:   94:	    std::iter_swap(__result, __b);
    #####:   95:	  else if (__comp(__a, __c))
    #####:   96:	    std::iter_swap(__result, __c);
        -:   97:	  else
    #####:   98:	    std::iter_swap(__result, __a);
        -:   99:	}
    #####:  100:      else if (__comp(__a, __c))
    #####:  101:	std::iter_swap(__result, __a);
    #####:  102:      else if (__comp(__b, __c))
    #####:  103:	std::iter_swap(__result, __c);
        -:  104:      else
    #####:  105:	std::iter_swap(__result, __b);
    #####:  106:    }
        -:  107:
        -:  108:  /// Provided for stable_partition to use.
        -:  109:  template<typename _InputIterator, typename _Predicate>
        -:  110:    _GLIBCXX20_CONSTEXPR
        -:  111:    inline _InputIterator
        -:  112:    __find_if_not(_InputIterator __first, _InputIterator __last,
        -:  113:		  _Predicate __pred)
        -:  114:    {
        -:  115:      return std::__find_if(__first, __last,
        -:  116:			    __gnu_cxx::__ops::__negate(__pred));
        -:  117:    }
        -:  118:
        -:  119:  /// Like find_if_not(), but uses and updates a count of the
        -:  120:  /// remaining range length instead of comparing against an end
        -:  121:  /// iterator.
        -:  122:  template<typename _InputIterator, typename _Predicate, typename _Distance>
        -:  123:    _GLIBCXX20_CONSTEXPR
        -:  124:    _InputIterator
        -:  125:    __find_if_not_n(_InputIterator __first, _Distance& __len, _Predicate __pred)
        -:  126:    {
        -:  127:      for (; __len; --__len,  (void) ++__first)
        -:  128:	if (!__pred(__first))
        -:  129:	  break;
        -:  130:      return __first;
        -:  131:    }
        -:  132:
        -:  133:  // set_difference
        -:  134:  // set_intersection
        -:  135:  // set_symmetric_difference
        -:  136:  // set_union
        -:  137:  // for_each
        -:  138:  // find
        -:  139:  // find_if
        -:  140:  // find_first_of
        -:  141:  // adjacent_find
        -:  142:  // count
        -:  143:  // count_if
        -:  144:  // search
        -:  145:  // search_n
        -:  146:
        -:  147:  /**
        -:  148:   *  This is an helper function for search_n overloaded for forward iterators.
        -:  149:  */
        -:  150:  template<typename _ForwardIterator, typename _Integer,
        -:  151:	   typename _UnaryPredicate>
        -:  152:    _GLIBCXX20_CONSTEXPR
        -:  153:    _ForwardIterator
        -:  154:    __search_n_aux(_ForwardIterator __first, _ForwardIterator __last,
        -:  155:		   _Integer __count, _UnaryPredicate __unary_pred,
        -:  156:		   std::forward_iterator_tag)
        -:  157:    {
        -:  158:      __first = std::__find_if(__first, __last, __unary_pred);
        -:  159:      while (__first != __last)
        -:  160:	{
        -:  161:	  typename iterator_traits<_ForwardIterator>::difference_type
        -:  162:	    __n = __count;
        -:  163:	  _ForwardIterator __i = __first;
        -:  164:	  ++__i;
        -:  165:	  while (__i != __last && __n != 1 && __unary_pred(__i))
        -:  166:	    {
        -:  167:	      ++__i;
        -:  168:	      --__n;
        -:  169:	    }
        -:  170:	  if (__n == 1)
        -:  171:	    return __first;
        -:  172:	  if (__i == __last)
        -:  173:	    return __last;
        -:  174:	  __first = std::__find_if(++__i, __last, __unary_pred);
        -:  175:	}
        -:  176:      return __last;
        -:  177:    }
        -:  178:
        -:  179:  /**
        -:  180:   *  This is an helper function for search_n overloaded for random access
        -:  181:   *  iterators.
        -:  182:  */
        -:  183:  template<typename _RandomAccessIter, typename _Integer,
        -:  184:	   typename _UnaryPredicate>
        -:  185:    _GLIBCXX20_CONSTEXPR
        -:  186:    _RandomAccessIter
        -:  187:    __search_n_aux(_RandomAccessIter __first, _RandomAccessIter __last,
        -:  188:		   _Integer __count, _UnaryPredicate __unary_pred,
        -:  189:		   std::random_access_iterator_tag)
        -:  190:    {
        -:  191:      typedef typename std::iterator_traits<_RandomAccessIter>::difference_type
        -:  192:	_DistanceType;
        -:  193:
        -:  194:      _DistanceType __tailSize = __last - __first;
        -:  195:      _DistanceType __remainder = __count;
        -:  196:
        -:  197:      while (__remainder <= __tailSize) // the main loop...
        -:  198:	{
        -:  199:	  __first += __remainder;
        -:  200:	  __tailSize -= __remainder;
        -:  201:	  // __first here is always pointing to one past the last element of
        -:  202:	  // next possible match.
        -:  203:	  _RandomAccessIter __backTrack = __first;
        -:  204:	  while (__unary_pred(--__backTrack))
        -:  205:	    {
        -:  206:	      if (--__remainder == 0)
        -:  207:		return (__first - __count); // Success
        -:  208:	    }
        -:  209:	  __remainder = __count + 1 - (__first - __backTrack);
        -:  210:	}
        -:  211:      return __last; // Failure
        -:  212:    }
        -:  213:
        -:  214:  template<typename _ForwardIterator, typename _Integer,
        -:  215:	   typename _UnaryPredicate>
        -:  216:    _GLIBCXX20_CONSTEXPR
        -:  217:    _ForwardIterator
        -:  218:    __search_n(_ForwardIterator __first, _ForwardIterator __last,
        -:  219:	       _Integer __count,
        -:  220:	       _UnaryPredicate __unary_pred)
        -:  221:    {
        -:  222:      if (__count <= 0)
        -:  223:	return __first;
        -:  224:
        -:  225:      if (__count == 1)
        -:  226:	return std::__find_if(__first, __last, __unary_pred);
        -:  227:
        -:  228:      return std::__search_n_aux(__first, __last, __count, __unary_pred,
        -:  229:				 std::__iterator_category(__first));
        -:  230:    }
        -:  231:
        -:  232:  // find_end for forward iterators.
        -:  233:  template<typename _ForwardIterator1, typename _ForwardIterator2,
        -:  234:	   typename _BinaryPredicate>
        -:  235:    _GLIBCXX20_CONSTEXPR
        -:  236:    _ForwardIterator1
        -:  237:    __find_end(_ForwardIterator1 __first1, _ForwardIterator1 __last1,
        -:  238:	       _ForwardIterator2 __first2, _ForwardIterator2 __last2,
        -:  239:	       forward_iterator_tag, forward_iterator_tag,
        -:  240:	       _BinaryPredicate __comp)
        -:  241:    {
        -:  242:      if (__first2 == __last2)
        -:  243:	return __last1;
        -:  244:
        -:  245:      _ForwardIterator1 __result = __last1;
        -:  246:      while (1)
        -:  247:	{
        -:  248:	  _ForwardIterator1 __new_result
        -:  249:	    = std::__search(__first1, __last1, __first2, __last2, __comp);
        -:  250:	  if (__new_result == __last1)
        -:  251:	    return __result;
        -:  252:	  else
        -:  253:	    {
        -:  254:	      __result = __new_result;
        -:  255:	      __first1 = __new_result;
        -:  256:	      ++__first1;
        -:  257:	    }
        -:  258:	}
        -:  259:    }
        -:  260:
        -:  261:  // find_end for bidirectional iterators (much faster).
        -:  262:  template<typename _BidirectionalIterator1, typename _BidirectionalIterator2,
        -:  263:	   typename _BinaryPredicate>
        -:  264:    _GLIBCXX20_CONSTEXPR
        -:  265:    _BidirectionalIterator1
        -:  266:    __find_end(_BidirectionalIterator1 __first1,
        -:  267:	       _BidirectionalIterator1 __last1,
        -:  268:	       _BidirectionalIterator2 __first2,
        -:  269:	       _BidirectionalIterator2 __last2,
        -:  270:	       bidirectional_iterator_tag, bidirectional_iterator_tag,
        -:  271:	       _BinaryPredicate __comp)
        -:  272:    {
        -:  273:      // concept requirements
        -:  274:      __glibcxx_function_requires(_BidirectionalIteratorConcept<
        -:  275:				  _BidirectionalIterator1>)
        -:  276:      __glibcxx_function_requires(_BidirectionalIteratorConcept<
        -:  277:				  _BidirectionalIterator2>)
        -:  278:
        -:  279:      typedef reverse_iterator<_BidirectionalIterator1> _RevIterator1;
        -:  280:      typedef reverse_iterator<_BidirectionalIterator2> _RevIterator2;
        -:  281:
        -:  282:      _RevIterator1 __rlast1(__first1);
        -:  283:      _RevIterator2 __rlast2(__first2);
        -:  284:      _RevIterator1 __rresult = std::__search(_RevIterator1(__last1), __rlast1,
        -:  285:					      _RevIterator2(__last2), __rlast2,
        -:  286:					      __comp);
        -:  287:
        -:  288:      if (__rresult == __rlast1)
        -:  289:	return __last1;
        -:  290:      else
        -:  291:	{
        -:  292:	  _BidirectionalIterator1 __result = __rresult.base();
        -:  293:	  std::advance(__result, -std::distance(__first2, __last2));
        -:  294:	  return __result;
        -:  295:	}
        -:  296:    }
        -:  297:
        -:  298:  /**
        -:  299:   *  @brief  Find last matching subsequence in a sequence.
        -:  300:   *  @ingroup non_mutating_algorithms
        -:  301:   *  @param  __first1  Start of range to search.
        -:  302:   *  @param  __last1   End of range to search.
        -:  303:   *  @param  __first2  Start of sequence to match.
        -:  304:   *  @param  __last2   End of sequence to match.
        -:  305:   *  @return   The last iterator @c i in the range
        -:  306:   *  @p [__first1,__last1-(__last2-__first2)) such that @c *(i+N) ==
        -:  307:   *  @p *(__first2+N) for each @c N in the range @p
        -:  308:   *  [0,__last2-__first2), or @p __last1 if no such iterator exists.
        -:  309:   *
        -:  310:   *  Searches the range @p [__first1,__last1) for a sub-sequence that
        -:  311:   *  compares equal value-by-value with the sequence given by @p
        -:  312:   *  [__first2,__last2) and returns an iterator to the __first
        -:  313:   *  element of the sub-sequence, or @p __last1 if the sub-sequence
        -:  314:   *  is not found.  The sub-sequence will be the last such
        -:  315:   *  subsequence contained in [__first1,__last1).
        -:  316:   *
        -:  317:   *  Because the sub-sequence must lie completely within the range @p
        -:  318:   *  [__first1,__last1) it must start at a position less than @p
        -:  319:   *  __last1-(__last2-__first2) where @p __last2-__first2 is the
        -:  320:   *  length of the sub-sequence.  This means that the returned
        -:  321:   *  iterator @c i will be in the range @p
        -:  322:   *  [__first1,__last1-(__last2-__first2))
        -:  323:  */
        -:  324:  template<typename _ForwardIterator1, typename _ForwardIterator2>
        -:  325:    _GLIBCXX_NODISCARD _GLIBCXX20_CONSTEXPR
        -:  326:    inline _ForwardIterator1
        -:  327:    find_end(_ForwardIterator1 __first1, _ForwardIterator1 __last1,
        -:  328:	     _ForwardIterator2 __first2, _ForwardIterator2 __last2)
        -:  329:    {
        -:  330:      // concept requirements
        -:  331:      __glibcxx_function_requires(_ForwardIteratorConcept<_ForwardIterator1>)
        -:  332:      __glibcxx_function_requires(_ForwardIteratorConcept<_ForwardIterator2>)
        -:  333:      __glibcxx_function_requires(_EqualOpConcept<
        -:  334:	    typename iterator_traits<_ForwardIterator1>::value_type,
        -:  335:	    typename iterator_traits<_ForwardIterator2>::value_type>)
        -:  336:      __glibcxx_requires_valid_range(__first1, __last1);
        -:  337:      __glibcxx_requires_valid_range(__first2, __last2);
        -:  338:
        -:  339:      return std::__find_end(__first1, __last1, __first2, __last2,
        -:  340:			     std::__iterator_category(__first1),
        -:  341:			     std::__iterator_category(__first2),
        -:  342:			     __gnu_cxx::__ops::__iter_equal_to_iter());
        -:  343:    }
        -:  344:
        -:  345:  /**
        -:  346:   *  @brief  Find last matching subsequence in a sequence using a predicate.
        -:  347:   *  @ingroup non_mutating_algorithms
        -:  348:   *  @param  __first1  Start of range to search.
        -:  349:   *  @param  __last1   End of range to search.
        -:  350:   *  @param  __first2  Start of sequence to match.
        -:  351:   *  @param  __last2   End of sequence to match.
        -:  352:   *  @param  __comp    The predicate to use.
        -:  353:   *  @return The last iterator @c i in the range @p
        -:  354:   *  [__first1,__last1-(__last2-__first2)) such that @c
        -:  355:   *  predicate(*(i+N), @p (__first2+N)) is true for each @c N in the
        -:  356:   *  range @p [0,__last2-__first2), or @p __last1 if no such iterator
        -:  357:   *  exists.
        -:  358:   *
        -:  359:   *  Searches the range @p [__first1,__last1) for a sub-sequence that
        -:  360:   *  compares equal value-by-value with the sequence given by @p
        -:  361:   *  [__first2,__last2) using comp as a predicate and returns an
        -:  362:   *  iterator to the first element of the sub-sequence, or @p __last1
        -:  363:   *  if the sub-sequence is not found.  The sub-sequence will be the
        -:  364:   *  last such subsequence contained in [__first,__last1).
        -:  365:   *
        -:  366:   *  Because the sub-sequence must lie completely within the range @p
        -:  367:   *  [__first1,__last1) it must start at a position less than @p
        -:  368:   *  __last1-(__last2-__first2) where @p __last2-__first2 is the
        -:  369:   *  length of the sub-sequence.  This means that the returned
        -:  370:   *  iterator @c i will be in the range @p
        -:  371:   *  [__first1,__last1-(__last2-__first2))
        -:  372:  */
        -:  373:  template<typename _ForwardIterator1, typename _ForwardIterator2,
        -:  374:	   typename _BinaryPredicate>
        -:  375:    _GLIBCXX_NODISCARD _GLIBCXX20_CONSTEXPR
        -:  376:    inline _ForwardIterator1
        -:  377:    find_end(_ForwardIterator1 __first1, _ForwardIterator1 __last1,
        -:  378:	     _ForwardIterator2 __first2, _ForwardIterator2 __last2,
        -:  379:	     _BinaryPredicate __comp)
        -:  380:    {
        -:  381:      // concept requirements
        -:  382:      __glibcxx_function_requires(_ForwardIteratorConcept<_ForwardIterator1>)
        -:  383:      __glibcxx_function_requires(_ForwardIteratorConcept<_ForwardIterator2>)
        -:  384:      __glibcxx_function_requires(_BinaryPredicateConcept<_BinaryPredicate,
        -:  385:	    typename iterator_traits<_ForwardIterator1>::value_type,
        -:  386:	    typename iterator_traits<_ForwardIterator2>::value_type>)
        -:  387:      __glibcxx_requires_valid_range(__first1, __last1);
        -:  388:      __glibcxx_requires_valid_range(__first2, __last2);
        -:  389:
        -:  390:      return std::__find_end(__first1, __last1, __first2, __last2,
        -:  391:			     std::__iterator_category(__first1),
        -:  392:			     std::__iterator_category(__first2),
        -:  393:			     __gnu_cxx::__ops::__iter_comp_iter(__comp));
        -:  394:    }
        -:  395:
        -:  396:#if __cplusplus >= 201103L
        -:  397:  /**
        -:  398:   *  @brief  Checks that a predicate is true for all the elements
        -:  399:   *          of a sequence.
        -:  400:   *  @ingroup non_mutating_algorithms
        -:  401:   *  @param  __first   An input iterator.
        -:  402:   *  @param  __last    An input iterator.
        -:  403:   *  @param  __pred    A predicate.
        -:  404:   *  @return  True if the check is true, false otherwise.
        -:  405:   *
        -:  406:   *  Returns true if @p __pred is true for each element in the range
        -:  407:   *  @p [__first,__last), and false otherwise.
        -:  408:  */
        -:  409:  template<typename _InputIterator, typename _Predicate>
        -:  410:    _GLIBCXX_NODISCARD _GLIBCXX20_CONSTEXPR
        -:  411:    inline bool
        -:  412:    all_of(_InputIterator __first, _InputIterator __last, _Predicate __pred)
        -:  413:    { return __last == std::find_if_not(__first, __last, __pred); }
        -:  414:
        -:  415:  /**
        -:  416:   *  @brief  Checks that a predicate is false for all the elements
        -:  417:   *          of a sequence.
        -:  418:   *  @ingroup non_mutating_algorithms
        -:  419:   *  @param  __first   An input iterator.
        -:  420:   *  @param  __last    An input iterator.
        -:  421:   *  @param  __pred    A predicate.
        -:  422:   *  @return  True if the check is true, false otherwise.
        -:  423:   *
        -:  424:   *  Returns true if @p __pred is false for each element in the range
        -:  425:   *  @p [__first,__last), and false otherwise.
        -:  426:  */
        -:  427:  template<typename _InputIterator, typename _Predicate>
        -:  428:    _GLIBCXX_NODISCARD _GLIBCXX20_CONSTEXPR
        -:  429:    inline bool
        -:  430:    none_of(_InputIterator __first, _InputIterator __last, _Predicate __pred)
        -:  431:    { return __last == _GLIBCXX_STD_A::find_if(__first, __last, __pred); }
        -:  432:
        -:  433:  /**
        -:  434:   *  @brief  Checks that a predicate is true for at least one element
        -:  435:   *          of a sequence.
        -:  436:   *  @ingroup non_mutating_algorithms
        -:  437:   *  @param  __first   An input iterator.
        -:  438:   *  @param  __last    An input iterator.
        -:  439:   *  @param  __pred    A predicate.
        -:  440:   *  @return  True if the check is true, false otherwise.
        -:  441:   *
        -:  442:   *  Returns true if an element exists in the range @p
        -:  443:   *  [__first,__last) such that @p __pred is true, and false
        -:  444:   *  otherwise.
        -:  445:  */
        -:  446:  template<typename _InputIterator, typename _Predicate>
        -:  447:    _GLIBCXX_NODISCARD _GLIBCXX20_CONSTEXPR
        -:  448:    inline bool
        -:  449:    any_of(_InputIterator __first, _InputIterator __last, _Predicate __pred)
        -:  450:    { return !std::none_of(__first, __last, __pred); }
        -:  451:
        -:  452:  /**
        -:  453:   *  @brief  Find the first element in a sequence for which a
        -:  454:   *          predicate is false.
        -:  455:   *  @ingroup non_mutating_algorithms
        -:  456:   *  @param  __first  An input iterator.
        -:  457:   *  @param  __last   An input iterator.
        -:  458:   *  @param  __pred   A predicate.
        -:  459:   *  @return   The first iterator @c i in the range @p [__first,__last)
        -:  460:   *  such that @p __pred(*i) is false, or @p __last if no such iterator exists.
        -:  461:  */
        -:  462:  template<typename _InputIterator, typename _Predicate>
        -:  463:    _GLIBCXX_NODISCARD _GLIBCXX20_CONSTEXPR
        -:  464:    inline _InputIterator
        -:  465:    find_if_not(_InputIterator __first, _InputIterator __last,
        -:  466:		_Predicate __pred)
        -:  467:    {
        -:  468:      // concept requirements
        -:  469:      __glibcxx_function_requires(_InputIteratorConcept<_InputIterator>)
        -:  470:      __glibcxx_function_requires(_UnaryPredicateConcept<_Predicate,
        -:  471:	      typename iterator_traits<_InputIterator>::value_type>)
        -:  472:      __glibcxx_requires_valid_range(__first, __last);
        -:  473:      return std::__find_if_not(__first, __last,
        -:  474:				__gnu_cxx::__ops::__pred_iter(__pred));
        -:  475:    }
        -:  476:
        -:  477:  /**
        -:  478:   *  @brief  Checks whether the sequence is partitioned.
        -:  479:   *  @ingroup mutating_algorithms
        -:  480:   *  @param  __first  An input iterator.
        -:  481:   *  @param  __last   An input iterator.
        -:  482:   *  @param  __pred   A predicate.
        -:  483:   *  @return  True if the range @p [__first,__last) is partioned by @p __pred,
        -:  484:   *  i.e. if all elements that satisfy @p __pred appear before those that
        -:  485:   *  do not.
        -:  486:  */
        -:  487:  template<typename _InputIterator, typename _Predicate>
        -:  488:    _GLIBCXX_NODISCARD _GLIBCXX20_CONSTEXPR
        -:  489:    inline bool
        -:  490:    is_partitioned(_InputIterator __first, _InputIterator __last,
        -:  491:		   _Predicate __pred)
        -:  492:    {
        -:  493:      __first = std::find_if_not(__first, __last, __pred);
        -:  494:      if (__first == __last)
        -:  495:	return true;
        -:  496:      ++__first;
        -:  497:      return std::none_of(__first, __last, __pred);
        -:  498:    }
        -:  499:
        -:  500:  /**
        -:  501:   *  @brief  Find the partition point of a partitioned range.
        -:  502:   *  @ingroup mutating_algorithms
        -:  503:   *  @param  __first   An iterator.
        -:  504:   *  @param  __last    Another iterator.
        -:  505:   *  @param  __pred    A predicate.
        -:  506:   *  @return  An iterator @p mid such that @p all_of(__first, mid, __pred)
        -:  507:   *           and @p none_of(mid, __last, __pred) are both true.
        -:  508:  */
        -:  509:  template<typename _ForwardIterator, typename _Predicate>
        -:  510:    _GLIBCXX_NODISCARD _GLIBCXX20_CONSTEXPR
        -:  511:    _ForwardIterator
        -:  512:    partition_point(_ForwardIterator __first, _ForwardIterator __last,
        -:  513:		    _Predicate __pred)
        -:  514:    {
        -:  515:      // concept requirements
        -:  516:      __glibcxx_function_requires(_ForwardIteratorConcept<_ForwardIterator>)
        -:  517:      __glibcxx_function_requires(_UnaryPredicateConcept<_Predicate,
        -:  518:	      typename iterator_traits<_ForwardIterator>::value_type>)
        -:  519:
        -:  520:      // A specific debug-mode test will be necessary...
        -:  521:      __glibcxx_requires_valid_range(__first, __last);
        -:  522:
        -:  523:      typedef typename iterator_traits<_ForwardIterator>::difference_type
        -:  524:	_DistanceType;
        -:  525:
        -:  526:      _DistanceType __len = std::distance(__first, __last);
        -:  527:
        -:  528:      while (__len > 0)
        -:  529:	{
        -:  530:	  _DistanceType __half = __len >> 1;
        -:  531:	  _ForwardIterator __middle = __first;
        -:  532:	  std::advance(__middle, __half);
        -:  533:	  if (__pred(*__middle))
        -:  534:	    {
        -:  535:	      __first = __middle;
        -:  536:	      ++__first;
        -:  537:	      __len = __len - __half - 1;
        -:  538:	    }
        -:  539:	  else
        -:  540:	    __len = __half;
        -:  541:	}
        -:  542:      return __first;
        -:  543:    }
        -:  544:#endif
        -:  545:
        -:  546:  template<typename _InputIterator, typename _OutputIterator,
        -:  547:	   typename _Predicate>
        -:  548:    _GLIBCXX20_CONSTEXPR
        -:  549:    _OutputIterator
        -:  550:    __remove_copy_if(_InputIterator __first, _InputIterator __last,
        -:  551:		     _OutputIterator __result, _Predicate __pred)
        -:  552:    {
        -:  553:      for (; __first != __last; ++__first)
        -:  554:	if (!__pred(__first))
        -:  555:	  {
        -:  556:	    *__result = *__first;
        -:  557:	    ++__result;
        -:  558:	  }
        -:  559:      return __result;
        -:  560:    }
        -:  561:
        -:  562:  /**
        -:  563:   *  @brief Copy a sequence, removing elements of a given value.
        -:  564:   *  @ingroup mutating_algorithms
        -:  565:   *  @param  __first   An input iterator.
        -:  566:   *  @param  __last    An input iterator.
        -:  567:   *  @param  __result  An output iterator.
        -:  568:   *  @param  __value   The value to be removed.
        -:  569:   *  @return   An iterator designating the end of the resulting sequence.
        -:  570:   *
        -:  571:   *  Copies each element in the range @p [__first,__last) not equal
        -:  572:   *  to @p __value to the range beginning at @p __result.
        -:  573:   *  remove_copy() is stable, so the relative order of elements that
        -:  574:   *  are copied is unchanged.
        -:  575:  */
        -:  576:  template<typename _InputIterator, typename _OutputIterator, typename _Tp>
        -:  577:    _GLIBCXX20_CONSTEXPR
        -:  578:    inline _OutputIterator
        -:  579:    remove_copy(_InputIterator __first, _InputIterator __last,
        -:  580:		_OutputIterator __result, const _Tp& __value)
        -:  581:    {
        -:  582:      // concept requirements
        -:  583:      __glibcxx_function_requires(_InputIteratorConcept<_InputIterator>)
        -:  584:      __glibcxx_function_requires(_OutputIteratorConcept<_OutputIterator,
        -:  585:	    typename iterator_traits<_InputIterator>::value_type>)
        -:  586:      __glibcxx_function_requires(_EqualOpConcept<
        -:  587:	    typename iterator_traits<_InputIterator>::value_type, _Tp>)
        -:  588:      __glibcxx_requires_valid_range(__first, __last);
        -:  589:
        -:  590:      return std::__remove_copy_if(__first, __last, __result,
        -:  591:	__gnu_cxx::__ops::__iter_equals_val(__value));
        -:  592:    }
        -:  593:
        -:  594:  /**
        -:  595:   *  @brief Copy a sequence, removing elements for which a predicate is true.
        -:  596:   *  @ingroup mutating_algorithms
        -:  597:   *  @param  __first   An input iterator.
        -:  598:   *  @param  __last    An input iterator.
        -:  599:   *  @param  __result  An output iterator.
        -:  600:   *  @param  __pred    A predicate.
        -:  601:   *  @return   An iterator designating the end of the resulting sequence.
        -:  602:   *
        -:  603:   *  Copies each element in the range @p [__first,__last) for which
        -:  604:   *  @p __pred returns false to the range beginning at @p __result.
        -:  605:   *
        -:  606:   *  remove_copy_if() is stable, so the relative order of elements that are
        -:  607:   *  copied is unchanged.
        -:  608:  */
        -:  609:  template<typename _InputIterator, typename _OutputIterator,
        -:  610:	   typename _Predicate>
        -:  611:    _GLIBCXX20_CONSTEXPR
        -:  612:    inline _OutputIterator
        -:  613:    remove_copy_if(_InputIterator __first, _InputIterator __last,
        -:  614:		   _OutputIterator __result, _Predicate __pred)
        -:  615:    {
        -:  616:      // concept requirements
        -:  617:      __glibcxx_function_requires(_InputIteratorConcept<_InputIterator>)
        -:  618:      __glibcxx_function_requires(_OutputIteratorConcept<_OutputIterator,
        -:  619:	    typename iterator_traits<_InputIterator>::value_type>)
        -:  620:      __glibcxx_function_requires(_UnaryPredicateConcept<_Predicate,
        -:  621:	    typename iterator_traits<_InputIterator>::value_type>)
        -:  622:      __glibcxx_requires_valid_range(__first, __last);
        -:  623:
        -:  624:      return std::__remove_copy_if(__first, __last, __result,
        -:  625:				   __gnu_cxx::__ops::__pred_iter(__pred));
        -:  626:    }
        -:  627:
        -:  628:#if __cplusplus >= 201103L
        -:  629:  /**
        -:  630:   *  @brief Copy the elements of a sequence for which a predicate is true.
        -:  631:   *  @ingroup mutating_algorithms
        -:  632:   *  @param  __first   An input iterator.
        -:  633:   *  @param  __last    An input iterator.
        -:  634:   *  @param  __result  An output iterator.
        -:  635:   *  @param  __pred    A predicate.
        -:  636:   *  @return   An iterator designating the end of the resulting sequence.
        -:  637:   *
        -:  638:   *  Copies each element in the range @p [__first,__last) for which
        -:  639:   *  @p __pred returns true to the range beginning at @p __result.
        -:  640:   *
        -:  641:   *  copy_if() is stable, so the relative order of elements that are
        -:  642:   *  copied is unchanged.
        -:  643:  */
        -:  644:  template<typename _InputIterator, typename _OutputIterator,
        -:  645:	   typename _Predicate>
        -:  646:    _GLIBCXX20_CONSTEXPR
        -:  647:    _OutputIterator
        -:  648:    copy_if(_InputIterator __first, _InputIterator __last,
        -:  649:	    _OutputIterator __result, _Predicate __pred)
        -:  650:    {
        -:  651:      // concept requirements
        -:  652:      __glibcxx_function_requires(_InputIteratorConcept<_InputIterator>)
        -:  653:      __glibcxx_function_requires(_OutputIteratorConcept<_OutputIterator,
        -:  654:	    typename iterator_traits<_InputIterator>::value_type>)
        -:  655:      __glibcxx_function_requires(_UnaryPredicateConcept<_Predicate,
        -:  656:	    typename iterator_traits<_InputIterator>::value_type>)
        -:  657:      __glibcxx_requires_valid_range(__first, __last);
        -:  658:
        -:  659:      for (; __first != __last; ++__first)
        -:  660:	if (__pred(*__first))
        -:  661:	  {
        -:  662:	    *__result = *__first;
        -:  663:	    ++__result;
        -:  664:	  }
        -:  665:      return __result;
        -:  666:    }
        -:  667:
        -:  668:  /**
        -:  669:   *  @brief Copies the range [first,first+n) into [result,result+n).
        -:  670:   *  @ingroup mutating_algorithms
        -:  671:   *  @param  __first  An input iterator.
        -:  672:   *  @param  __n      The number of elements to copy.
        -:  673:   *  @param  __result An output iterator.
        -:  674:   *  @return  result+n.
        -:  675:   *
        -:  676:   *  This inline function will boil down to a call to @c memmove whenever
        -:  677:   *  possible.  Failing that, if random access iterators are passed, then the
        -:  678:   *  loop count will be known (and therefore a candidate for compiler
        -:  679:   *  optimizations such as unrolling).
        -:  680:  */
        -:  681:  template<typename _InputIterator, typename _Size, typename _OutputIterator>
        -:  682:    _GLIBCXX20_CONSTEXPR
        -:  683:    inline _OutputIterator
        -:  684:    copy_n(_InputIterator __first, _Size __n, _OutputIterator __result)
        -:  685:    {
        -:  686:      // concept requirements
        -:  687:      __glibcxx_function_requires(_InputIteratorConcept<_InputIterator>)
        -:  688:      __glibcxx_function_requires(_OutputIteratorConcept<_OutputIterator,
        -:  689:	    typename iterator_traits<_InputIterator>::value_type>)
        -:  690:
        -:  691:      const auto __n2 = std::__size_to_integer(__n);
        -:  692:      if (__n2 <= 0)
        -:  693:	return __result;
        -:  694:
        -:  695:      __glibcxx_requires_can_increment(__first, __n2);
        -:  696:      __glibcxx_requires_can_increment(__result, __n2);
        -:  697:
        -:  698:      auto __res = std::__copy_n_a(std::__niter_base(__first), __n2,
        -:  699:				   std::__niter_base(__result), true);
        -:  700:      return std::__niter_wrap(__result, std::move(__res));
        -:  701:    }
        -:  702:
        -:  703:  /**
        -:  704:   *  @brief Copy the elements of a sequence to separate output sequences
        -:  705:   *         depending on the truth value of a predicate.
        -:  706:   *  @ingroup mutating_algorithms
        -:  707:   *  @param  __first   An input iterator.
        -:  708:   *  @param  __last    An input iterator.
        -:  709:   *  @param  __out_true   An output iterator.
        -:  710:   *  @param  __out_false  An output iterator.
        -:  711:   *  @param  __pred    A predicate.
        -:  712:   *  @return   A pair designating the ends of the resulting sequences.
        -:  713:   *
        -:  714:   *  Copies each element in the range @p [__first,__last) for which
        -:  715:   *  @p __pred returns true to the range beginning at @p out_true
        -:  716:   *  and each element for which @p __pred returns false to @p __out_false.
        -:  717:  */
        -:  718:  template<typename _InputIterator, typename _OutputIterator1,
        -:  719:	   typename _OutputIterator2, typename _Predicate>
        -:  720:    _GLIBCXX20_CONSTEXPR
        -:  721:    pair<_OutputIterator1, _OutputIterator2>
        -:  722:    partition_copy(_InputIterator __first, _InputIterator __last,
        -:  723:		   _OutputIterator1 __out_true, _OutputIterator2 __out_false,
        -:  724:		   _Predicate __pred)
        -:  725:    {
        -:  726:      // concept requirements
        -:  727:      __glibcxx_function_requires(_InputIteratorConcept<_InputIterator>)
        -:  728:      __glibcxx_function_requires(_OutputIteratorConcept<_OutputIterator1,
        -:  729:	    typename iterator_traits<_InputIterator>::value_type>)
        -:  730:      __glibcxx_function_requires(_OutputIteratorConcept<_OutputIterator2,
        -:  731:	    typename iterator_traits<_InputIterator>::value_type>)
        -:  732:      __glibcxx_function_requires(_UnaryPredicateConcept<_Predicate,
        -:  733:	    typename iterator_traits<_InputIterator>::value_type>)
        -:  734:      __glibcxx_requires_valid_range(__first, __last);
        -:  735:
        -:  736:      for (; __first != __last; ++__first)
        -:  737:	if (__pred(*__first))
        -:  738:	  {
        -:  739:	    *__out_true = *__first;
        -:  740:	    ++__out_true;
        -:  741:	  }
        -:  742:	else
        -:  743:	  {
        -:  744:	    *__out_false = *__first;
        -:  745:	    ++__out_false;
        -:  746:	  }
        -:  747:
        -:  748:      return pair<_OutputIterator1, _OutputIterator2>(__out_true, __out_false);
        -:  749:    }
        -:  750:#endif // C++11
        -:  751:
        -:  752:  /**
        -:  753:   *  @brief Remove elements from a sequence.
        -:  754:   *  @ingroup mutating_algorithms
        -:  755:   *  @param  __first  An input iterator.
        -:  756:   *  @param  __last   An input iterator.
        -:  757:   *  @param  __value  The value to be removed.
        -:  758:   *  @return   An iterator designating the end of the resulting sequence.
        -:  759:   *
        -:  760:   *  All elements equal to @p __value are removed from the range
        -:  761:   *  @p [__first,__last).
        -:  762:   *
        -:  763:   *  remove() is stable, so the relative order of elements that are
        -:  764:   *  not removed is unchanged.
        -:  765:   *
        -:  766:   *  Elements between the end of the resulting sequence and @p __last
        -:  767:   *  are still present, but their value is unspecified.
        -:  768:  */
        -:  769:  template<typename _ForwardIterator, typename _Tp>
        -:  770:    _GLIBCXX_NODISCARD _GLIBCXX20_CONSTEXPR
        -:  771:    inline _ForwardIterator
        -:  772:    remove(_ForwardIterator __first, _ForwardIterator __last,
        -:  773:	   const _Tp& __value)
        -:  774:    {
        -:  775:      // concept requirements
        -:  776:      __glibcxx_function_requires(_Mutable_ForwardIteratorConcept<
        -:  777:				  _ForwardIterator>)
        -:  778:      __glibcxx_function_requires(_EqualOpConcept<
        -:  779:	    typename iterator_traits<_ForwardIterator>::value_type, _Tp>)
        -:  780:      __glibcxx_requires_valid_range(__first, __last);
        -:  781:
        -:  782:      return std::__remove_if(__first, __last,
        -:  783:		__gnu_cxx::__ops::__iter_equals_val(__value));
        -:  784:    }
        -:  785:
        -:  786:  /**
        -:  787:   *  @brief Remove elements from a sequence using a predicate.
        -:  788:   *  @ingroup mutating_algorithms
        -:  789:   *  @param  __first  A forward iterator.
        -:  790:   *  @param  __last   A forward iterator.
        -:  791:   *  @param  __pred   A predicate.
        -:  792:   *  @return   An iterator designating the end of the resulting sequence.
        -:  793:   *
        -:  794:   *  All elements for which @p __pred returns true are removed from the range
        -:  795:   *  @p [__first,__last).
        -:  796:   *
        -:  797:   *  remove_if() is stable, so the relative order of elements that are
        -:  798:   *  not removed is unchanged.
        -:  799:   *
        -:  800:   *  Elements between the end of the resulting sequence and @p __last
        -:  801:   *  are still present, but their value is unspecified.
        -:  802:  */
        -:  803:  template<typename _ForwardIterator, typename _Predicate>
        -:  804:    _GLIBCXX_NODISCARD _GLIBCXX20_CONSTEXPR
        -:  805:    inline _ForwardIterator
    #####:  806:    remove_if(_ForwardIterator __first, _ForwardIterator __last,
        -:  807:	      _Predicate __pred)
        -:  808:    {
        -:  809:      // concept requirements
        -:  810:      __glibcxx_function_requires(_Mutable_ForwardIteratorConcept<
        -:  811:				  _ForwardIterator>)
        -:  812:      __glibcxx_function_requires(_UnaryPredicateConcept<_Predicate,
        -:  813:	    typename iterator_traits<_ForwardIterator>::value_type>)
        -:  814:      __glibcxx_requires_valid_range(__first, __last);
        -:  815:
    #####:  816:      return std::__remove_if(__first, __last,
    #####:  817:			      __gnu_cxx::__ops::__pred_iter(__pred));
        -:  818:    }
        -:  819:
        -:  820:  template<typename _ForwardIterator, typename _BinaryPredicate>
        -:  821:    _GLIBCXX20_CONSTEXPR
        -:  822:    _ForwardIterator
        -:  823:    __adjacent_find(_ForwardIterator __first, _ForwardIterator __last,
        -:  824:		    _BinaryPredicate __binary_pred)
        -:  825:    {
        -:  826:      if (__first == __last)
        -:  827:	return __last;
        -:  828:      _ForwardIterator __next = __first;
        -:  829:      while (++__next != __last)
        -:  830:	{
        -:  831:	  if (__binary_pred(__first, __next))
        -:  832:	    return __first;
        -:  833:	  __first = __next;
        -:  834:	}
        -:  835:      return __last;
        -:  836:    }
        -:  837:
        -:  838:  template<typename _ForwardIterator, typename _BinaryPredicate>
        -:  839:    _GLIBCXX20_CONSTEXPR
        -:  840:    _ForwardIterator
        -:  841:    __unique(_ForwardIterator __first, _ForwardIterator __last,
        -:  842:	     _BinaryPredicate __binary_pred)
        -:  843:    {
        -:  844:      // Skip the beginning, if already unique.
        -:  845:      __first = std::__adjacent_find(__first, __last, __binary_pred);
        -:  846:      if (__first == __last)
        -:  847:	return __last;
        -:  848:
        -:  849:      // Do the real copy work.
        -:  850:      _ForwardIterator __dest = __first;
        -:  851:      ++__first;
        -:  852:      while (++__first != __last)
        -:  853:	if (!__binary_pred(__dest, __first))
        -:  854:	  *++__dest = _GLIBCXX_MOVE(*__first);
        -:  855:      return ++__dest;
        -:  856:    }
        -:  857:
        -:  858:  /**
        -:  859:   *  @brief Remove consecutive duplicate values from a sequence.
        -:  860:   *  @ingroup mutating_algorithms
        -:  861:   *  @param  __first  A forward iterator.
        -:  862:   *  @param  __last   A forward iterator.
        -:  863:   *  @return  An iterator designating the end of the resulting sequence.
        -:  864:   *
        -:  865:   *  Removes all but the first element from each group of consecutive
        -:  866:   *  values that compare equal.
        -:  867:   *  unique() is stable, so the relative order of elements that are
        -:  868:   *  not removed is unchanged.
        -:  869:   *  Elements between the end of the resulting sequence and @p __last
        -:  870:   *  are still present, but their value is unspecified.
        -:  871:  */
        -:  872:  template<typename _ForwardIterator>
        -:  873:    _GLIBCXX_NODISCARD _GLIBCXX20_CONSTEXPR
        -:  874:    inline _ForwardIterator
        -:  875:    unique(_ForwardIterator __first, _ForwardIterator __last)
        -:  876:    {
        -:  877:      // concept requirements
        -:  878:      __glibcxx_function_requires(_Mutable_ForwardIteratorConcept<
        -:  879:				  _ForwardIterator>)
        -:  880:      __glibcxx_function_requires(_EqualityComparableConcept<
        -:  881:		     typename iterator_traits<_ForwardIterator>::value_type>)
        -:  882:      __glibcxx_requires_valid_range(__first, __last);
        -:  883:
        -:  884:      return std::__unique(__first, __last,
        -:  885:			   __gnu_cxx::__ops::__iter_equal_to_iter());
        -:  886:    }
        -:  887:
        -:  888:  /**
        -:  889:   *  @brief Remove consecutive values from a sequence using a predicate.
        -:  890:   *  @ingroup mutating_algorithms
        -:  891:   *  @param  __first        A forward iterator.
        -:  892:   *  @param  __last         A forward iterator.
        -:  893:   *  @param  __binary_pred  A binary predicate.
        -:  894:   *  @return  An iterator designating the end of the resulting sequence.
        -:  895:   *
        -:  896:   *  Removes all but the first element from each group of consecutive
        -:  897:   *  values for which @p __binary_pred returns true.
        -:  898:   *  unique() is stable, so the relative order of elements that are
        -:  899:   *  not removed is unchanged.
        -:  900:   *  Elements between the end of the resulting sequence and @p __last
        -:  901:   *  are still present, but their value is unspecified.
        -:  902:  */
        -:  903:  template<typename _ForwardIterator, typename _BinaryPredicate>
        -:  904:    _GLIBCXX_NODISCARD _GLIBCXX20_CONSTEXPR
        -:  905:    inline _ForwardIterator
        -:  906:    unique(_ForwardIterator __first, _ForwardIterator __last,
        -:  907:	   _BinaryPredicate __binary_pred)
        -:  908:    {
        -:  909:      // concept requirements
        -:  910:      __glibcxx_function_requires(_Mutable_ForwardIteratorConcept<
        -:  911:				  _ForwardIterator>)
        -:  912:      __glibcxx_function_requires(_BinaryPredicateConcept<_BinaryPredicate,
        -:  913:		typename iterator_traits<_ForwardIterator>::value_type,
        -:  914:		typename iterator_traits<_ForwardIterator>::value_type>)
        -:  915:      __glibcxx_requires_valid_range(__first, __last);
        -:  916:
        -:  917:      return std::__unique(__first, __last,
        -:  918:			   __gnu_cxx::__ops::__iter_comp_iter(__binary_pred));
        -:  919:    }
        -:  920:
        -:  921:  /**
        -:  922:   *  This is an uglified
        -:  923:   *  unique_copy(_InputIterator, _InputIterator, _OutputIterator,
        -:  924:   *              _BinaryPredicate)
        -:  925:   *  overloaded for forward iterators and output iterator as result.
        -:  926:  */
        -:  927:  template<typename _ForwardIterator, typename _OutputIterator,
        -:  928:	   typename _BinaryPredicate>
        -:  929:    _GLIBCXX20_CONSTEXPR
        -:  930:    _OutputIterator
        -:  931:    __unique_copy(_ForwardIterator __first, _ForwardIterator __last,
        -:  932:		  _OutputIterator __result, _BinaryPredicate __binary_pred,
        -:  933:		  forward_iterator_tag, output_iterator_tag)
        -:  934:    {
        -:  935:      // concept requirements -- iterators already checked
        -:  936:      __glibcxx_function_requires(_BinaryPredicateConcept<_BinaryPredicate,
        -:  937:	  typename iterator_traits<_ForwardIterator>::value_type,
        -:  938:	  typename iterator_traits<_ForwardIterator>::value_type>)
        -:  939:
        -:  940:      _ForwardIterator __next = __first;
        -:  941:      *__result = *__first;
        -:  942:      while (++__next != __last)
        -:  943:	if (!__binary_pred(__first, __next))
        -:  944:	  {
        -:  945:	    __first = __next;
        -:  946:	    *++__result = *__first;
        -:  947:	  }
        -:  948:      return ++__result;
        -:  949:    }
        -:  950:
        -:  951:  /**
        -:  952:   *  This is an uglified
        -:  953:   *  unique_copy(_InputIterator, _InputIterator, _OutputIterator,
        -:  954:   *              _BinaryPredicate)
        -:  955:   *  overloaded for input iterators and output iterator as result.
        -:  956:  */
        -:  957:  template<typename _InputIterator, typename _OutputIterator,
        -:  958:	   typename _BinaryPredicate>
        -:  959:    _GLIBCXX20_CONSTEXPR
        -:  960:    _OutputIterator
        -:  961:    __unique_copy(_InputIterator __first, _InputIterator __last,
        -:  962:		  _OutputIterator __result, _BinaryPredicate __binary_pred,
        -:  963:		  input_iterator_tag, output_iterator_tag)
        -:  964:    {
        -:  965:      // concept requirements -- iterators already checked
        -:  966:      __glibcxx_function_requires(_BinaryPredicateConcept<_BinaryPredicate,
        -:  967:	  typename iterator_traits<_InputIterator>::value_type,
        -:  968:	  typename iterator_traits<_InputIterator>::value_type>)
        -:  969:
        -:  970:      typename iterator_traits<_InputIterator>::value_type __value = *__first;
        -:  971:      __decltype(__gnu_cxx::__ops::__iter_comp_val(__binary_pred))
        -:  972:	__rebound_pred
        -:  973:	= __gnu_cxx::__ops::__iter_comp_val(__binary_pred);
        -:  974:      *__result = __value;
        -:  975:      while (++__first != __last)
        -:  976:	if (!__rebound_pred(__first, __value))
        -:  977:	  {
        -:  978:	    __value = *__first;
        -:  979:	    *++__result = __value;
        -:  980:	  }
        -:  981:      return ++__result;
        -:  982:    }
        -:  983:
        -:  984:  /**
        -:  985:   *  This is an uglified
        -:  986:   *  unique_copy(_InputIterator, _InputIterator, _OutputIterator,
        -:  987:   *              _BinaryPredicate)
        -:  988:   *  overloaded for input iterators and forward iterator as result.
        -:  989:  */
        -:  990:  template<typename _InputIterator, typename _ForwardIterator,
        -:  991:	   typename _BinaryPredicate>
        -:  992:    _GLIBCXX20_CONSTEXPR
        -:  993:    _ForwardIterator
        -:  994:    __unique_copy(_InputIterator __first, _InputIterator __last,
        -:  995:		  _ForwardIterator __result, _BinaryPredicate __binary_pred,
        -:  996:		  input_iterator_tag, forward_iterator_tag)
        -:  997:    {
        -:  998:      // concept requirements -- iterators already checked
        -:  999:      __glibcxx_function_requires(_BinaryPredicateConcept<_BinaryPredicate,
        -: 1000:	  typename iterator_traits<_ForwardIterator>::value_type,
        -: 1001:	  typename iterator_traits<_InputIterator>::value_type>)
        -: 1002:      *__result = *__first;
        -: 1003:      while (++__first != __last)
        -: 1004:	if (!__binary_pred(__result, __first))
        -: 1005:	  *++__result = *__first;
        -: 1006:      return ++__result;
        -: 1007:    }
        -: 1008:
        -: 1009:  /**
        -: 1010:   *  This is an uglified reverse(_BidirectionalIterator,
        -: 1011:   *                              _BidirectionalIterator)
        -: 1012:   *  overloaded for bidirectional iterators.
        -: 1013:  */
        -: 1014:  template<typename _BidirectionalIterator>
        -: 1015:    _GLIBCXX20_CONSTEXPR
        -: 1016:    void
        -: 1017:    __reverse(_BidirectionalIterator __first, _BidirectionalIterator __last,
        -: 1018:	      bidirectional_iterator_tag)
        -: 1019:    {
        -: 1020:      while (true)
        -: 1021:	if (__first == __last || __first == --__last)
        -: 1022:	  return;
        -: 1023:	else
        -: 1024:	  {
        -: 1025:	    std::iter_swap(__first, __last);
        -: 1026:	    ++__first;
        -: 1027:	  }
        -: 1028:    }
        -: 1029:
        -: 1030:  /**
        -: 1031:   *  This is an uglified reverse(_BidirectionalIterator,
        -: 1032:   *                              _BidirectionalIterator)
        -: 1033:   *  overloaded for random access iterators.
        -: 1034:  */
        -: 1035:  template<typename _RandomAccessIterator>
        -: 1036:    _GLIBCXX20_CONSTEXPR
        -: 1037:    void
        -: 1038:    __reverse(_RandomAccessIterator __first, _RandomAccessIterator __last,
        -: 1039:	      random_access_iterator_tag)
        -: 1040:    {
        -: 1041:      if (__first == __last)
        -: 1042:	return;
        -: 1043:      --__last;
        -: 1044:      while (__first < __last)
        -: 1045:	{
        -: 1046:	  std::iter_swap(__first, __last);
        -: 1047:	  ++__first;
        -: 1048:	  --__last;
        -: 1049:	}
        -: 1050:    }
        -: 1051:
        -: 1052:  /**
        -: 1053:   *  @brief Reverse a sequence.
        -: 1054:   *  @ingroup mutating_algorithms
        -: 1055:   *  @param  __first  A bidirectional iterator.
        -: 1056:   *  @param  __last   A bidirectional iterator.
        -: 1057:   *  @return   reverse() returns no value.
        -: 1058:   *
        -: 1059:   *  Reverses the order of the elements in the range @p [__first,__last),
        -: 1060:   *  so that the first element becomes the last etc.
        -: 1061:   *  For every @c i such that @p 0<=i<=(__last-__first)/2), @p reverse()
        -: 1062:   *  swaps @p *(__first+i) and @p *(__last-(i+1))
        -: 1063:  */
        -: 1064:  template<typename _BidirectionalIterator>
        -: 1065:    _GLIBCXX20_CONSTEXPR
        -: 1066:    inline void
        -: 1067:    reverse(_BidirectionalIterator __first, _BidirectionalIterator __last)
        -: 1068:    {
        -: 1069:      // concept requirements
        -: 1070:      __glibcxx_function_requires(_Mutable_BidirectionalIteratorConcept<
        -: 1071:				  _BidirectionalIterator>)
        -: 1072:      __glibcxx_requires_valid_range(__first, __last);
        -: 1073:      std::__reverse(__first, __last, std::__iterator_category(__first));
        -: 1074:    }
        -: 1075:
        -: 1076:  /**
        -: 1077:   *  @brief Copy a sequence, reversing its elements.
        -: 1078:   *  @ingroup mutating_algorithms
        -: 1079:   *  @param  __first   A bidirectional iterator.
        -: 1080:   *  @param  __last    A bidirectional iterator.
        -: 1081:   *  @param  __result  An output iterator.
        -: 1082:   *  @return  An iterator designating the end of the resulting sequence.
        -: 1083:   *
        -: 1084:   *  Copies the elements in the range @p [__first,__last) to the
        -: 1085:   *  range @p [__result,__result+(__last-__first)) such that the
        -: 1086:   *  order of the elements is reversed.  For every @c i such that @p
        -: 1087:   *  0<=i<=(__last-__first), @p reverse_copy() performs the
        -: 1088:   *  assignment @p *(__result+(__last-__first)-1-i) = *(__first+i).
        -: 1089:   *  The ranges @p [__first,__last) and @p
        -: 1090:   *  [__result,__result+(__last-__first)) must not overlap.
        -: 1091:  */
        -: 1092:  template<typename _BidirectionalIterator, typename _OutputIterator>
        -: 1093:    _GLIBCXX20_CONSTEXPR
        -: 1094:    _OutputIterator
        -: 1095:    reverse_copy(_BidirectionalIterator __first, _BidirectionalIterator __last,
        -: 1096:		 _OutputIterator __result)
        -: 1097:    {
        -: 1098:      // concept requirements
        -: 1099:      __glibcxx_function_requires(_BidirectionalIteratorConcept<
        -: 1100:				  _BidirectionalIterator>)
        -: 1101:      __glibcxx_function_requires(_OutputIteratorConcept<_OutputIterator,
        -: 1102:		typename iterator_traits<_BidirectionalIterator>::value_type>)
        -: 1103:      __glibcxx_requires_valid_range(__first, __last);
        -: 1104:
        -: 1105:      while (__first != __last)
        -: 1106:	{
        -: 1107:	  --__last;
        -: 1108:	  *__result = *__last;
        -: 1109:	  ++__result;
        -: 1110:	}
        -: 1111:      return __result;
        -: 1112:    }
        -: 1113:
        -: 1114:  /**
        -: 1115:   *  This is a helper function for the rotate algorithm specialized on RAIs.
        -: 1116:   *  It returns the greatest common divisor of two integer values.
        -: 1117:  */
        -: 1118:  template<typename _EuclideanRingElement>
        -: 1119:    _GLIBCXX20_CONSTEXPR
        -: 1120:    _EuclideanRingElement
        -: 1121:    __gcd(_EuclideanRingElement __m, _EuclideanRingElement __n)
        -: 1122:    {
        -: 1123:      while (__n != 0)
        -: 1124:	{
        -: 1125:	  _EuclideanRingElement __t = __m % __n;
        -: 1126:	  __m = __n;
        -: 1127:	  __n = __t;
        -: 1128:	}
        -: 1129:      return __m;
        -: 1130:    }
        -: 1131:
        -: 1132:_GLIBCXX_BEGIN_INLINE_ABI_NAMESPACE(_V2)
        -: 1133:
        -: 1134:  /// This is a helper function for the rotate algorithm.
        -: 1135:  template<typename _ForwardIterator>
        -: 1136:    _GLIBCXX20_CONSTEXPR
        -: 1137:    _ForwardIterator
        -: 1138:    __rotate(_ForwardIterator __first,
        -: 1139:	     _ForwardIterator __middle,
        -: 1140:	     _ForwardIterator __last,
        -: 1141:	     forward_iterator_tag)
        -: 1142:    {
        -: 1143:      if (__first == __middle)
        -: 1144:	return __last;
        -: 1145:      else if (__last == __middle)
        -: 1146:	return __first;
        -: 1147:
        -: 1148:      _ForwardIterator __first2 = __middle;
        -: 1149:      do
        -: 1150:	{
        -: 1151:	  std::iter_swap(__first, __first2);
        -: 1152:	  ++__first;
        -: 1153:	  ++__first2;
        -: 1154:	  if (__first == __middle)
        -: 1155:	    __middle = __first2;
        -: 1156:	}
        -: 1157:      while (__first2 != __last);
        -: 1158:
        -: 1159:      _ForwardIterator __ret = __first;
        -: 1160:
        -: 1161:      __first2 = __middle;
        -: 1162:
        -: 1163:      while (__first2 != __last)
        -: 1164:	{
        -: 1165:	  std::iter_swap(__first, __first2);
        -: 1166:	  ++__first;
        -: 1167:	  ++__first2;
        -: 1168:	  if (__first == __middle)
        -: 1169:	    __middle = __first2;
        -: 1170:	  else if (__first2 == __last)
        -: 1171:	    __first2 = __middle;
        -: 1172:	}
        -: 1173:      return __ret;
        -: 1174:    }
        -: 1175:
        -: 1176:   /// This is a helper function for the rotate algorithm.
        -: 1177:  template<typename _BidirectionalIterator>
        -: 1178:    _GLIBCXX20_CONSTEXPR
        -: 1179:    _BidirectionalIterator
        -: 1180:    __rotate(_BidirectionalIterator __first,
        -: 1181:	     _BidirectionalIterator __middle,
        -: 1182:	     _BidirectionalIterator __last,
        -: 1183:	      bidirectional_iterator_tag)
        -: 1184:    {
        -: 1185:      // concept requirements
        -: 1186:      __glibcxx_function_requires(_Mutable_BidirectionalIteratorConcept<
        -: 1187:				  _BidirectionalIterator>)
        -: 1188:
        -: 1189:      if (__first == __middle)
        -: 1190:	return __last;
        -: 1191:      else if (__last == __middle)
        -: 1192:	return __first;
        -: 1193:
        -: 1194:      std::__reverse(__first,  __middle, bidirectional_iterator_tag());
        -: 1195:      std::__reverse(__middle, __last,   bidirectional_iterator_tag());
        -: 1196:
        -: 1197:      while (__first != __middle && __middle != __last)
        -: 1198:	{
        -: 1199:	  std::iter_swap(__first, --__last);
        -: 1200:	  ++__first;
        -: 1201:	}
        -: 1202:
        -: 1203:      if (__first == __middle)
        -: 1204:	{
        -: 1205:	  std::__reverse(__middle, __last,   bidirectional_iterator_tag());
        -: 1206:	  return __last;
        -: 1207:	}
        -: 1208:      else
        -: 1209:	{
        -: 1210:	  std::__reverse(__first,  __middle, bidirectional_iterator_tag());
        -: 1211:	  return __first;
        -: 1212:	}
        -: 1213:    }
        -: 1214:
        -: 1215:  /// This is a helper function for the rotate algorithm.
        -: 1216:  template<typename _RandomAccessIterator>
        -: 1217:    _GLIBCXX20_CONSTEXPR
        -: 1218:    _RandomAccessIterator
        -: 1219:    __rotate(_RandomAccessIterator __first,
        -: 1220:	     _RandomAccessIterator __middle,
        -: 1221:	     _RandomAccessIterator __last,
        -: 1222:	     random_access_iterator_tag)
        -: 1223:    {
        -: 1224:      // concept requirements
        -: 1225:      __glibcxx_function_requires(_Mutable_RandomAccessIteratorConcept<
        -: 1226:				  _RandomAccessIterator>)
        -: 1227:
        -: 1228:      if (__first == __middle)
        -: 1229:	return __last;
        -: 1230:      else if (__last == __middle)
        -: 1231:	return __first;
        -: 1232:
        -: 1233:      typedef typename iterator_traits<_RandomAccessIterator>::difference_type
        -: 1234:	_Distance;
        -: 1235:      typedef typename iterator_traits<_RandomAccessIterator>::value_type
        -: 1236:	_ValueType;
        -: 1237:
        -: 1238:#if __cplusplus >= 201103L
        -: 1239:      typedef typename make_unsigned<_Distance>::type _UDistance;
        -: 1240:#else
        -: 1241:      typedef _Distance _UDistance;
        -: 1242:#endif
        -: 1243:
        -: 1244:      _Distance __n = __last   - __first;
        -: 1245:      _Distance __k = __middle - __first;
        -: 1246:
        -: 1247:      if (__k == __n - __k)
        -: 1248:	{
        -: 1249:	  std::swap_ranges(__first, __middle, __middle);
        -: 1250:	  return __middle;
        -: 1251:	}
        -: 1252:
        -: 1253:      _RandomAccessIterator __p = __first;
        -: 1254:      _RandomAccessIterator __ret = __first + (__last - __middle);
        -: 1255:
        -: 1256:      for (;;)
        -: 1257:	{
        -: 1258:	  if (__k < __n - __k)
        -: 1259:	    {
        -: 1260:	      if (__is_pod(_ValueType) && __k == 1)
        -: 1261:		{
        -: 1262:		  _ValueType __t = _GLIBCXX_MOVE(*__p);
        -: 1263:		  _GLIBCXX_MOVE3(__p + 1, __p + __n, __p);
        -: 1264:		  *(__p + __n - 1) = _GLIBCXX_MOVE(__t);
        -: 1265:		  return __ret;
        -: 1266:		}
        -: 1267:	      _RandomAccessIterator __q = __p + __k;
        -: 1268:	      for (_Distance __i = 0; __i < __n - __k; ++ __i)
        -: 1269:		{
        -: 1270:		  std::iter_swap(__p, __q);
        -: 1271:		  ++__p;
        -: 1272:		  ++__q;
        -: 1273:		}
        -: 1274:	      __n = static_cast<_UDistance>(__n) % static_cast<_UDistance>(__k);
        -: 1275:	      if (__n == 0)
        -: 1276:		return __ret;
        -: 1277:	      std::swap(__n, __k);
        -: 1278:	      __k = __n - __k;
        -: 1279:	    }
        -: 1280:	  else
        -: 1281:	    {
        -: 1282:	      __k = __n - __k;
        -: 1283:	      if (__is_pod(_ValueType) && __k == 1)
        -: 1284:		{
        -: 1285:		  _ValueType __t = _GLIBCXX_MOVE(*(__p + __n - 1));
        -: 1286:		  _GLIBCXX_MOVE_BACKWARD3(__p, __p + __n - 1, __p + __n);
        -: 1287:		  *__p = _GLIBCXX_MOVE(__t);
        -: 1288:		  return __ret;
        -: 1289:		}
        -: 1290:	      _RandomAccessIterator __q = __p + __n;
        -: 1291:	      __p = __q - __k;
        -: 1292:	      for (_Distance __i = 0; __i < __n - __k; ++ __i)
        -: 1293:		{
        -: 1294:		  --__p;
        -: 1295:		  --__q;
        -: 1296:		  std::iter_swap(__p, __q);
        -: 1297:		}
        -: 1298:	      __n = static_cast<_UDistance>(__n) % static_cast<_UDistance>(__k);
        -: 1299:	      if (__n == 0)
        -: 1300:		return __ret;
        -: 1301:	      std::swap(__n, __k);
        -: 1302:	    }
        -: 1303:	}
        -: 1304:    }
        -: 1305:
        -: 1306:   // _GLIBCXX_RESOLVE_LIB_DEFECTS
        -: 1307:   // DR 488. rotate throws away useful information
        -: 1308:  /**
        -: 1309:   *  @brief Rotate the elements of a sequence.
        -: 1310:   *  @ingroup mutating_algorithms
        -: 1311:   *  @param  __first   A forward iterator.
        -: 1312:   *  @param  __middle  A forward iterator.
        -: 1313:   *  @param  __last    A forward iterator.
        -: 1314:   *  @return  first + (last - middle).
        -: 1315:   *
        -: 1316:   *  Rotates the elements of the range @p [__first,__last) by
        -: 1317:   *  @p (__middle - __first) positions so that the element at @p __middle
        -: 1318:   *  is moved to @p __first, the element at @p __middle+1 is moved to
        -: 1319:   *  @p __first+1 and so on for each element in the range
        -: 1320:   *  @p [__first,__last).
        -: 1321:   *
        -: 1322:   *  This effectively swaps the ranges @p [__first,__middle) and
        -: 1323:   *  @p [__middle,__last).
        -: 1324:   *
        -: 1325:   *  Performs
        -: 1326:   *   @p *(__first+(n+(__last-__middle))%(__last-__first))=*(__first+n)
        -: 1327:   *  for each @p n in the range @p [0,__last-__first).
        -: 1328:  */
        -: 1329:  template<typename _ForwardIterator>
        -: 1330:    _GLIBCXX20_CONSTEXPR
        -: 1331:    inline _ForwardIterator
        -: 1332:    rotate(_ForwardIterator __first, _ForwardIterator __middle,
        -: 1333:	   _ForwardIterator __last)
        -: 1334:    {
        -: 1335:      // concept requirements
        -: 1336:      __glibcxx_function_requires(_Mutable_ForwardIteratorConcept<
        -: 1337:				  _ForwardIterator>)
        -: 1338:      __glibcxx_requires_valid_range(__first, __middle);
        -: 1339:      __glibcxx_requires_valid_range(__middle, __last);
        -: 1340:
        -: 1341:      return std::__rotate(__first, __middle, __last,
        -: 1342:			   std::__iterator_category(__first));
        -: 1343:    }
        -: 1344:
        -: 1345:_GLIBCXX_END_INLINE_ABI_NAMESPACE(_V2)
        -: 1346:
        -: 1347:  /**
        -: 1348:   *  @brief Copy a sequence, rotating its elements.
        -: 1349:   *  @ingroup mutating_algorithms
        -: 1350:   *  @param  __first   A forward iterator.
        -: 1351:   *  @param  __middle  A forward iterator.
        -: 1352:   *  @param  __last    A forward iterator.
        -: 1353:   *  @param  __result  An output iterator.
        -: 1354:   *  @return   An iterator designating the end of the resulting sequence.
        -: 1355:   *
        -: 1356:   *  Copies the elements of the range @p [__first,__last) to the
        -: 1357:   *  range beginning at @result, rotating the copied elements by
        -: 1358:   *  @p (__middle-__first) positions so that the element at @p __middle
        -: 1359:   *  is moved to @p __result, the element at @p __middle+1 is moved
        -: 1360:   *  to @p __result+1 and so on for each element in the range @p
        -: 1361:   *  [__first,__last).
        -: 1362:   *
        -: 1363:   *  Performs
        -: 1364:   *  @p *(__result+(n+(__last-__middle))%(__last-__first))=*(__first+n)
        -: 1365:   *  for each @p n in the range @p [0,__last-__first).
        -: 1366:  */
        -: 1367:  template<typename _ForwardIterator, typename _OutputIterator>
        -: 1368:    _GLIBCXX20_CONSTEXPR
        -: 1369:    inline _OutputIterator
        -: 1370:    rotate_copy(_ForwardIterator __first, _ForwardIterator __middle,
        -: 1371:		_ForwardIterator __last, _OutputIterator __result)
        -: 1372:    {
        -: 1373:      // concept requirements
        -: 1374:      __glibcxx_function_requires(_ForwardIteratorConcept<_ForwardIterator>)
        -: 1375:      __glibcxx_function_requires(_OutputIteratorConcept<_OutputIterator,
        -: 1376:		typename iterator_traits<_ForwardIterator>::value_type>)
        -: 1377:      __glibcxx_requires_valid_range(__first, __middle);
        -: 1378:      __glibcxx_requires_valid_range(__middle, __last);
        -: 1379:
        -: 1380:      return std::copy(__first, __middle,
        -: 1381:		       std::copy(__middle, __last, __result));
        -: 1382:    }
        -: 1383:
        -: 1384:  /// This is a helper function...
        -: 1385:  template<typename _ForwardIterator, typename _Predicate>
        -: 1386:    _GLIBCXX20_CONSTEXPR
        -: 1387:    _ForwardIterator
        -: 1388:    __partition(_ForwardIterator __first, _ForwardIterator __last,
        -: 1389:		_Predicate __pred, forward_iterator_tag)
        -: 1390:    {
        -: 1391:      if (__first == __last)
        -: 1392:	return __first;
        -: 1393:
        -: 1394:      while (__pred(*__first))
        -: 1395:	if (++__first == __last)
        -: 1396:	  return __first;
        -: 1397:
        -: 1398:      _ForwardIterator __next = __first;
        -: 1399:
        -: 1400:      while (++__next != __last)
        -: 1401:	if (__pred(*__next))
        -: 1402:	  {
        -: 1403:	    std::iter_swap(__first, __next);
        -: 1404:	    ++__first;
        -: 1405:	  }
        -: 1406:
        -: 1407:      return __first;
        -: 1408:    }
        -: 1409:
        -: 1410:  /// This is a helper function...
        -: 1411:  template<typename _BidirectionalIterator, typename _Predicate>
        -: 1412:    _GLIBCXX20_CONSTEXPR
        -: 1413:    _BidirectionalIterator
        -: 1414:    __partition(_BidirectionalIterator __first, _BidirectionalIterator __last,
        -: 1415:		_Predicate __pred, bidirectional_iterator_tag)
        -: 1416:    {
        -: 1417:      while (true)
        -: 1418:	{
        -: 1419:	  while (true)
        -: 1420:	    if (__first == __last)
        -: 1421:	      return __first;
        -: 1422:	    else if (__pred(*__first))
        -: 1423:	      ++__first;
        -: 1424:	    else
        -: 1425:	      break;
        -: 1426:	  --__last;
        -: 1427:	  while (true)
        -: 1428:	    if (__first == __last)
        -: 1429:	      return __first;
        -: 1430:	    else if (!bool(__pred(*__last)))
        -: 1431:	      --__last;
        -: 1432:	    else
        -: 1433:	      break;
        -: 1434:	  std::iter_swap(__first, __last);
        -: 1435:	  ++__first;
        -: 1436:	}
        -: 1437:    }
        -: 1438:
        -: 1439:#if _GLIBCXX_HOSTED
        -: 1440:  // partition
        -: 1441:
        -: 1442:  /// This is a helper function...
        -: 1443:  /// Requires __first != __last and !__pred(__first)
        -: 1444:  /// and __len == distance(__first, __last).
        -: 1445:  ///
        -: 1446:  /// !__pred(__first) allows us to guarantee that we don't
        -: 1447:  /// move-assign an element onto itself.
        -: 1448:  template<typename _ForwardIterator, typename _Pointer, typename _Predicate,
        -: 1449:	   typename _Distance>
        -: 1450:    _GLIBCXX26_CONSTEXPR
        -: 1451:    _ForwardIterator
        -: 1452:    __stable_partition_adaptive(_ForwardIterator __first,
        -: 1453:				_ForwardIterator __last,
        -: 1454:				_Predicate __pred, _Distance __len,
        -: 1455:				_Pointer __buffer,
        -: 1456:				_Distance __buffer_size)
        -: 1457:    {
        -: 1458:      if (__len == 1)
        -: 1459:	return __first;
        -: 1460:
        -: 1461:      if (__len <= __buffer_size)
        -: 1462:	{
        -: 1463:	  _ForwardIterator __result1 = __first;
        -: 1464:	  _Pointer __result2 = __buffer;
        -: 1465:
        -: 1466:	  // The precondition guarantees that !__pred(__first), so
        -: 1467:	  // move that element to the buffer before starting the loop.
        -: 1468:	  // This ensures that we only call __pred once per element.
        -: 1469:	  *__result2 = _GLIBCXX_MOVE(*__first);
        -: 1470:	  ++__result2;
        -: 1471:	  ++__first;
        -: 1472:	  for (; __first != __last; ++__first)
        -: 1473:	    if (__pred(__first))
        -: 1474:	      {
        -: 1475:		*__result1 = _GLIBCXX_MOVE(*__first);
        -: 1476:		++__result1;
        -: 1477:	      }
        -: 1478:	    else
        -: 1479:	      {
        -: 1480:		*__result2 = _GLIBCXX_MOVE(*__first);
        -: 1481:		++__result2;
        -: 1482:	      }
        -: 1483:
        -: 1484:	  _GLIBCXX_MOVE3(__buffer, __result2, __result1);
        -: 1485:	  return __result1;
        -: 1486:	}
        -: 1487:
        -: 1488:      _ForwardIterator __middle = __first;
        -: 1489:      std::advance(__middle, __len / 2);
        -: 1490:      _ForwardIterator __left_split =
        -: 1491:	std::__stable_partition_adaptive(__first, __middle, __pred,
        -: 1492:					 __len / 2, __buffer,
        -: 1493:					 __buffer_size);
        -: 1494:
        -: 1495:      // Advance past true-predicate values to satisfy this
        -: 1496:      // function's preconditions.
        -: 1497:      _Distance __right_len = __len - __len / 2;
        -: 1498:      _ForwardIterator __right_split =
        -: 1499:	std::__find_if_not_n(__middle, __right_len, __pred);
        -: 1500:
        -: 1501:      if (__right_len)
        -: 1502:	__right_split =
        -: 1503:	  std::__stable_partition_adaptive(__right_split, __last, __pred,
        -: 1504:					   __right_len,
        -: 1505:					   __buffer, __buffer_size);
        -: 1506:
        -: 1507:      return std::rotate(__left_split, __middle, __right_split);
        -: 1508:    }
        -: 1509:
        -: 1510:  template<typename _ForwardIterator, typename _Predicate>
        -: 1511:    _GLIBCXX26_CONSTEXPR
        -: 1512:    _ForwardIterator
        -: 1513:    __stable_partition(_ForwardIterator __first, _ForwardIterator __last,
        -: 1514:		       _Predicate __pred)
        -: 1515:    {
        -: 1516:      __first = std::__find_if_not(__first, __last, __pred);
        -: 1517:
        -: 1518:      if (__first == __last)
        -: 1519:	return __first;
        -: 1520:
        -: 1521:      typedef typename iterator_traits<_ForwardIterator>::value_type
        -: 1522:	_ValueType;
        -: 1523:      typedef typename iterator_traits<_ForwardIterator>::difference_type
        -: 1524:	_DistanceType;
        -: 1525:
        -: 1526:      const _DistanceType __len = std::distance(__first, __last);
        -: 1527:
        -: 1528:#if __glibcxx_constexpr_algorithms >= 202306L // >= C++26
        -: 1529:      if consteval {
        -: 1530:	// Simulate a _Temporary_buffer of length 1:
        -: 1531:	_ValueType __buf = std::move(*__first);
        -: 1532:	*__first = std::move(__buf);
        -: 1533:	return std::__stable_partition_adaptive(__first, __last, __pred,
        -: 1534:						__len,
        -: 1535:						&__buf,
        -: 1536:						_DistanceType(1));
        -: 1537:      }
        -: 1538:#endif
        -: 1539:
        -: 1540:      _Temporary_buffer<_ForwardIterator, _ValueType>
        -: 1541:	__buf(__first, __len);
        -: 1542:      return
        -: 1543:	std::__stable_partition_adaptive(__first, __last, __pred,
        -: 1544:					 __len,
        -: 1545:					 __buf.begin(),
        -: 1546:					 _DistanceType(__buf.size()));
        -: 1547:    }
        -: 1548:
        -: 1549:  /**
        -: 1550:   *  @brief Move elements for which a predicate is true to the beginning
        -: 1551:   *         of a sequence, preserving relative ordering.
        -: 1552:   *  @ingroup mutating_algorithms
        -: 1553:   *  @param  __first   A forward iterator.
        -: 1554:   *  @param  __last    A forward iterator.
        -: 1555:   *  @param  __pred    A predicate functor.
        -: 1556:   *  @return  An iterator @p middle such that @p __pred(i) is true for each
        -: 1557:   *  iterator @p i in the range @p [first,middle) and false for each @p i
        -: 1558:   *  in the range @p [middle,last).
        -: 1559:   *
        -: 1560:   *  Performs the same function as @p partition() with the additional
        -: 1561:   *  guarantee that the relative ordering of elements in each group is
        -: 1562:   *  preserved, so any two elements @p x and @p y in the range
        -: 1563:   *  @p [__first,__last) such that @p __pred(x)==__pred(y) will have the same
        -: 1564:   *  relative ordering after calling @p stable_partition().
        -: 1565:  */
        -: 1566:  template<typename _ForwardIterator, typename _Predicate>
        -: 1567:    _GLIBCXX26_CONSTEXPR
        -: 1568:    inline _ForwardIterator
        -: 1569:    stable_partition(_ForwardIterator __first, _ForwardIterator __last,
        -: 1570:		     _Predicate __pred)
        -: 1571:    {
        -: 1572:      // concept requirements
        -: 1573:      __glibcxx_function_requires(_Mutable_ForwardIteratorConcept<
        -: 1574:				  _ForwardIterator>)
        -: 1575:      __glibcxx_function_requires(_UnaryPredicateConcept<_Predicate,
        -: 1576:	    typename iterator_traits<_ForwardIterator>::value_type>)
        -: 1577:      __glibcxx_requires_valid_range(__first, __last);
        -: 1578:
        -: 1579:      return std::__stable_partition(__first, __last,
        -: 1580:				     __gnu_cxx::__ops::__pred_iter(__pred));
        -: 1581:    }
        -: 1582:#endif // HOSTED
        -: 1583:
        -: 1584:  /// @cond undocumented
        -: 1585:
        -: 1586:  /// This is a helper function for the sort routines.
        -: 1587:  template<typename _RandomAccessIterator, typename _Compare>
        -: 1588:    _GLIBCXX20_CONSTEXPR
        -: 1589:    void
    #####: 1590:    __heap_select(_RandomAccessIterator __first,
        -: 1591:		  _RandomAccessIterator __middle,
        -: 1592:		  _RandomAccessIterator __last, _Compare __comp)
        -: 1593:    {
    #####: 1594:      std::__make_heap(__first, __middle, __comp);
[...]
        -: 5559:      __glibcxx_function_requires(_OutputIteratorConcept<_OutputIterator,
        -: 5560:	    typename iterator_traits<_InputIterator2>::value_type>)
        -: 5561:      __glibcxx_function_requires(_LessThanOpConcept<
        -: 5562:	    typename iterator_traits<_InputIterator1>::value_type,
        -: 5563:	    typename iterator_traits<_InputIterator2>::value_type>)
        -: 5564:      __glibcxx_function_requires(_LessThanOpConcept<
        -: 5565:	    typename iterator_traits<_InputIterator2>::value_type,
        -: 5566:	    typename iterator_traits<_InputIterator1>::value_type>)
        -: 5567:      __glibcxx_requires_sorted_set(__first1, __last1, __first2);
        -: 5568:      __glibcxx_requires_sorted_set(__first2, __last2, __first1);
        -: 5569:      __glibcxx_requires_irreflexive2(__first1, __last1);
        -: 5570:      __glibcxx_requires_irreflexive2(__first2, __last2);
        -: 5571:
        -: 5572:      return _GLIBCXX_STD_A::__set_symmetric_difference(__first1, __last1,
        -: 5573:					__first2, __last2, __result,
        -: 5574:					__gnu_cxx::__ops::__iter_less_iter());
        -: 5575:    }
        -: 5576:
        -: 5577:  /**
        -: 5578:   *  @brief  Return the symmetric difference of two sorted ranges using
        -: 5579:   *  comparison functor.
        -: 5580:   *  @ingroup set_algorithms
        -: 5581:   *  @param  __first1  Start of first range.
        -: 5582:   *  @param  __last1   End of first range.
        -: 5583:   *  @param  __first2  Start of second range.
        -: 5584:   *  @param  __last2   End of second range.
        -: 5585:   *  @param  __result  Start of output range.
        -: 5586:   *  @param  __comp    The comparison functor.
        -: 5587:   *  @return  End of the output range.
        -: 5588:   *  @ingroup set_algorithms
        -: 5589:   *
        -: 5590:   *  This operation iterates over both ranges, copying elements present in
        -: 5591:   *  one range but not the other in order to the output range.  Iterators
        -: 5592:   *  increment for each range.  When the current element of one range is less
        -: 5593:   *  than the other according to @p comp, that element is copied and the
        -: 5594:   *  iterator advances.  If an element is contained in both ranges according
        -: 5595:   *  to @p __comp, no elements are copied and both ranges advance.  The output
        -: 5596:   *  range may not overlap either input range.
        -: 5597:  */
        -: 5598:  template<typename _InputIterator1, typename _InputIterator2,
        -: 5599:	   typename _OutputIterator, typename _Compare>
        -: 5600:    _GLIBCXX20_CONSTEXPR
        -: 5601:    inline _OutputIterator
        -: 5602:    set_symmetric_difference(_InputIterator1 __first1, _InputIterator1 __last1,
        -: 5603:			     _InputIterator2 __first2, _InputIterator2 __last2,
        -: 5604:			     _OutputIterator __result,
        -: 5605:			     _Compare __comp)
        -: 5606:    {
        -: 5607:      // concept requirements
        -: 5608:      __glibcxx_function_requires(_InputIteratorConcept<_InputIterator1>)
        -: 5609:      __glibcxx_function_requires(_InputIteratorConcept<_InputIterator2>)
        -: 5610:      __glibcxx_function_requires(_OutputIteratorConcept<_OutputIterator,
        -: 5611:	    typename iterator_traits<_InputIterator1>::value_type>)
        -: 5612:      __glibcxx_function_requires(_OutputIteratorConcept<_OutputIterator,
        -: 5613:	    typename iterator_traits<_InputIterator2>::value_type>)
        -: 5614:      __glibcxx_function_requires(_BinaryPredicateConcept<_Compare,
        -: 5615:	    typename iterator_traits<_InputIterator1>::value_type,
        -: 5616:	    typename iterator_traits<_InputIterator2>::value_type>)
        -: 5617:      __glibcxx_function_requires(_BinaryPredicateConcept<_Compare,
        -: 5618:	    typename iterator_traits<_InputIterator2>::value_type,
        -: 5619:	    typename iterator_traits<_InputIterator1>::value_type>)
        -: 5620:      __glibcxx_requires_sorted_set_pred(__first1, __last1, __first2, __comp);
        -: 5621:      __glibcxx_requires_sorted_set_pred(__first2, __last2, __first1, __comp);
        -: 5622:      __glibcxx_requires_irreflexive_pred2(__first1, __last1, __comp);
        -: 5623:      __glibcxx_requires_irreflexive_pred2(__first2, __last2, __comp);
        -: 5624:
        -: 5625:      return _GLIBCXX_STD_A::__set_symmetric_difference(__first1, __last1,
        -: 5626:				__first2, __last2, __result,
        -: 5627:				__gnu_cxx::__ops::__iter_comp_iter(__comp));
        -: 5628:    }
        -: 5629:
        -: 5630:  template<typename _ForwardIterator, typename _Compare>
        -: 5631:    _GLIBCXX14_CONSTEXPR
        -: 5632:    _ForwardIterator
        -: 5633:    __min_element(_ForwardIterator __first, _ForwardIterator __last,
        -: 5634:		  _Compare __comp)
        -: 5635:    {
        -: 5636:      if (__first == __last)
        -: 5637:	return __first;
        -: 5638:      _ForwardIterator __result = __first;
        -: 5639:      while (++__first != __last)
        -: 5640:	if (__comp(__first, __result))
        -: 5641:	  __result = __first;
        -: 5642:      return __result;
        -: 5643:    }
        -: 5644:
        -: 5645:  /**
        -: 5646:   *  @brief  Return the minimum element in a range.
        -: 5647:   *  @ingroup sorting_algorithms
        -: 5648:   *  @param  __first  Start of range.
        -: 5649:   *  @param  __last   End of range.
        -: 5650:   *  @return  Iterator referencing the first instance of the smallest value.
        -: 5651:  */
        -: 5652:  template<typename _ForwardIterator>
        -: 5653:    _GLIBCXX_NODISCARD _GLIBCXX14_CONSTEXPR
        -: 5654:    _ForwardIterator
        -: 5655:    inline min_element(_ForwardIterator __first, _ForwardIterator __last)
        -: 5656:    {
        -: 5657:      // concept requirements
        -: 5658:      __glibcxx_function_requires(_ForwardIteratorConcept<_ForwardIterator>)
        -: 5659:      __glibcxx_function_requires(_LessThanComparableConcept<
        -: 5660:	    typename iterator_traits<_ForwardIterator>::value_type>)
        -: 5661:      __glibcxx_requires_valid_range(__first, __last);
        -: 5662:      __glibcxx_requires_irreflexive(__first, __last);
        -: 5663:
        -: 5664:      return _GLIBCXX_STD_A::__min_element(__first, __last,
        -: 5665:				__gnu_cxx::__ops::__iter_less_iter());
        -: 5666:    }
        -: 5667:
        -: 5668:  /**
        -: 5669:   *  @brief  Return the minimum element in a range using comparison functor.
        -: 5670:   *  @ingroup sorting_algorithms
        -: 5671:   *  @param  __first  Start of range.
        -: 5672:   *  @param  __last   End of range.
        -: 5673:   *  @param  __comp   Comparison functor.
        -: 5674:   *  @return  Iterator referencing the first instance of the smallest value
        -: 5675:   *  according to __comp.
        -: 5676:  */
        -: 5677:  template<typename _ForwardIterator, typename _Compare>
        -: 5678:    _GLIBCXX_NODISCARD _GLIBCXX14_CONSTEXPR
        -: 5679:    inline _ForwardIterator
        -: 5680:    min_element(_ForwardIterator __first, _ForwardIterator __last,
        -: 5681:		_Compare __comp)
        -: 5682:    {
        -: 5683:      // concept requirements
        -: 5684:      __glibcxx_function_requires(_ForwardIteratorConcept<_ForwardIterator>)
        -: 5685:      __glibcxx_function_requires(_BinaryPredicateConcept<_Compare,
        -: 5686:	    typename iterator_traits<_ForwardIterator>::value_type,
        -: 5687:	    typename iterator_traits<_ForwardIterator>::value_type>)
        -: 5688:      __glibcxx_requires_valid_range(__first, __last);
        -: 5689:      __glibcxx_requires_irreflexive_pred(__first, __last, __comp);
        -: 5690:
        -: 5691:      return _GLIBCXX_STD_A::__min_element(__first, __last,
        -: 5692:				__gnu_cxx::__ops::__iter_comp_iter(__comp));
        -: 5693:    }
        -: 5694:
        -: 5695:  template<typename _ForwardIterator, typename _Compare>
        -: 5696:    _GLIBCXX14_CONSTEXPR
        -: 5697:    _ForwardIterator
        -: 5698:    __max_element(_ForwardIterator __first, _ForwardIterator __last,
        -: 5699:		  _Compare __comp)
        -: 5700:    {
        -: 5701:      if (__first == __last) return __first;
        -: 5702:      _ForwardIterator __result = __first;
        -: 5703:      while (++__first != __last)
        -: 5704:	if (__comp(__result, __first))
        -: 5705:	  __result = __first;
        -: 5706:      return __result;
        -: 5707:    }
        -: 5708:
        -: 5709:  /**
        -: 5710:   *  @brief  Return the maximum element in a range.
        -: 5711:   *  @ingroup sorting_algorithms
        -: 5712:   *  @param  __first  Start of range.
        -: 5713:   *  @param  __last   End of range.
        -: 5714:   *  @return  Iterator referencing the first instance of the largest value.
        -: 5715:  */
        -: 5716:  template<typename _ForwardIterator>
        -: 5717:    _GLIBCXX_NODISCARD _GLIBCXX14_CONSTEXPR
        -: 5718:    inline _ForwardIterator
        -: 5719:    max_element(_ForwardIterator __first, _ForwardIterator __last)
        -: 5720:    {
        -: 5721:      // concept requirements
        -: 5722:      __glibcxx_function_requires(_ForwardIteratorConcept<_ForwardIterator>)
        -: 5723:      __glibcxx_function_requires(_LessThanComparableConcept<
        -: 5724:	    typename iterator_traits<_ForwardIterator>::value_type>)
        -: 5725:      __glibcxx_requires_valid_range(__first, __last);
        -: 5726:      __glibcxx_requires_irreflexive(__first, __last);
        -: 5727:
        -: 5728:      return _GLIBCXX_STD_A::__max_element(__first, __last,
        -: 5729:				__gnu_cxx::__ops::__iter_less_iter());
        -: 5730:    }
        -: 5731:
        -: 5732:  /**
        -: 5733:   *  @brief  Return the maximum element in a range using comparison functor.
        -: 5734:   *  @ingroup sorting_algorithms
        -: 5735:   *  @param  __first  Start of range.
        -: 5736:   *  @param  __last   End of range.
        -: 5737:   *  @param  __comp   Comparison functor.
        -: 5738:   *  @return  Iterator referencing the first instance of the largest value
        -: 5739:   *  according to __comp.
        -: 5740:  */
        -: 5741:  template<typename _ForwardIterator, typename _Compare>
        -: 5742:    _GLIBCXX_NODISCARD _GLIBCXX14_CONSTEXPR
        -: 5743:    inline _ForwardIterator
        -: 5744:    max_element(_ForwardIterator __first, _ForwardIterator __last,
        -: 5745:		_Compare __comp)
        -: 5746:    {
        -: 5747:      // concept requirements
        -: 5748:      __glibcxx_function_requires(_ForwardIteratorConcept<_ForwardIterator>)
        -: 5749:      __glibcxx_function_requires(_BinaryPredicateConcept<_Compare,
        -: 5750:	    typename iterator_traits<_ForwardIterator>::value_type,
        -: 5751:	    typename iterator_traits<_ForwardIterator>::value_type>)
        -: 5752:      __glibcxx_requires_valid_range(__first, __last);
        -: 5753:      __glibcxx_requires_irreflexive_pred(__first, __last, __comp);
        -: 5754:
        -: 5755:      return _GLIBCXX_STD_A::__max_element(__first, __last,
        -: 5756:				__gnu_cxx::__ops::__iter_comp_iter(__comp));
        -: 5757:    }
        -: 5758:
        -: 5759:#if __cplusplus >= 201103L
        -: 5760:  // N2722 + DR 915.
        -: 5761:  template<typename _Tp>
        -: 5762:    _GLIBCXX14_CONSTEXPR
        -: 5763:    inline _Tp
        -: 5764:    min(initializer_list<_Tp> __l)
        -: 5765:    {
        -: 5766:      __glibcxx_requires_irreflexive(__l.begin(), __l.end());
        -: 5767:      return *_GLIBCXX_STD_A::__min_element(__l.begin(), __l.end(),
        -: 5768:	  __gnu_cxx::__ops::__iter_less_iter());
        -: 5769:    }
        -: 5770:
        -: 5771:  template<typename _Tp, typename _Compare>
        -: 5772:    _GLIBCXX14_CONSTEXPR
        -: 5773:    inline _Tp
        -: 5774:    min(initializer_list<_Tp> __l, _Compare __comp)
        -: 5775:    {
        -: 5776:      __glibcxx_requires_irreflexive_pred(__l.begin(), __l.end(), __comp);
        -: 5777:      return *_GLIBCXX_STD_A::__min_element(__l.begin(), __l.end(),
        -: 5778:	  __gnu_cxx::__ops::__iter_comp_iter(__comp));
        -: 5779:    }
        -: 5780:
        -: 5781:  template<typename _Tp>
        -: 5782:    _GLIBCXX14_CONSTEXPR
        -: 5783:    inline _Tp
        -: 5784:    max(initializer_list<_Tp> __l)
        -: 5785:    {
        -: 5786:      __glibcxx_requires_irreflexive(__l.begin(), __l.end());
        -: 5787:      return *_GLIBCXX_STD_A::__max_element(__l.begin(), __l.end(),
        -: 5788:	  __gnu_cxx::__ops::__iter_less_iter());
        -: 5789:    }
        -: 5790:
        -: 5791:  template<typename _Tp, typename _Compare>
        -: 5792:    _GLIBCXX14_CONSTEXPR
        -: 5793:    inline _Tp
        -: 5794:    max(initializer_list<_Tp> __l, _Compare __comp)
        -: 5795:    {
        -: 5796:      __glibcxx_requires_irreflexive_pred(__l.begin(), __l.end(), __comp);
        -: 5797:      return *_GLIBCXX_STD_A::__max_element(__l.begin(), __l.end(),
        -: 5798:	  __gnu_cxx::__ops::__iter_comp_iter(__comp));
        -: 5799:    }
        -: 5800:#endif // C++11
        -: 5801:
        -: 5802:#if __cplusplus >= 201402L
        -: 5803:  /// Reservoir sampling algorithm.
        -: 5804:  template<typename _InputIterator, typename _RandomAccessIterator,
        -: 5805:           typename _Size, typename _UniformRandomBitGenerator>
        -: 5806:    _RandomAccessIterator
        -: 5807:    __sample(_InputIterator __first, _InputIterator __last, input_iterator_tag,
        -: 5808:	     _RandomAccessIterator __out, random_access_iterator_tag,
        -: 5809:	     _Size __n, _UniformRandomBitGenerator&& __g)
        -: 5810:    {
        -: 5811:      using __distrib_type = uniform_int_distribution<_Size>;
        -: 5812:      using __param_type = typename __distrib_type::param_type;
        -: 5813:      __distrib_type __d{};
        -: 5814:      _Size __sample_sz = 0;
        -: 5815:      while (__first != __last && __sample_sz != __n)
        -: 5816:	{
        -: 5817:	  __out[__sample_sz++] = *__first;
        -: 5818:	  ++__first;
        -: 5819:	}
        -: 5820:      for (auto __pop_sz = __sample_sz; __first != __last;
        -: 5821:	  ++__first, (void) ++__pop_sz)
        -: 5822:	{
        -: 5823:	  const auto __k = __d(__g, __param_type{0, __pop_sz});
        -: 5824:	  if (__k < __n)
        -: 5825:	    __out[__k] = *__first;
        -: 5826:	}
        -: 5827:      return __out + __sample_sz;
        -: 5828:    }
        -: 5829:
        -: 5830:  /// Selection sampling algorithm.
        -: 5831:  template<typename _ForwardIterator, typename _OutputIterator, typename _Cat,
        -: 5832:           typename _Size, typename _UniformRandomBitGenerator>
        -: 5833:    _OutputIterator
        -: 5834:    __sample(_ForwardIterator __first, _ForwardIterator __last,
        -: 5835:	     forward_iterator_tag,
        -: 5836:	     _OutputIterator __out, _Cat,
        -: 5837:	     _Size __n, _UniformRandomBitGenerator&& __g)
        -: 5838:    {
        -: 5839:      using __distrib_type = uniform_int_distribution<_Size>;
        -: 5840:      using __param_type = typename __distrib_type::param_type;
        -: 5841:      using _USize = make_unsigned_t<_Size>;
        -: 5842:      using _Gen = remove_reference_t<_UniformRandomBitGenerator>;
        -: 5843:      using __uc_type = common_type_t<typename _Gen::result_type, _USize>;
        -: 5844:
        -: 5845:      if (__first == __last)
        -: 5846:	return __out;
        -: 5847:
        -: 5848:      __distrib_type __d{};
        -: 5849:      _Size __unsampled_sz = std::distance(__first, __last);
        -: 5850:      __n = std::min(__n, __unsampled_sz);
        -: 5851:
        -: 5852:      // If possible, we use __gen_two_uniform_ints to efficiently produce
        -: 5853:      // two random numbers using a single distribution invocation:
        -: 5854:
        -: 5855:      const __uc_type __urngrange = __g.max() - __g.min();
        -: 5856:      if (__urngrange / __uc_type(__unsampled_sz) >= __uc_type(__unsampled_sz))
        -: 5857:        // I.e. (__urngrange >= __unsampled_sz * __unsampled_sz) but without
        -: 5858:	// wrapping issues.
        -: 5859:        {
        -: 5860:	  while (__n != 0 && __unsampled_sz >= 2)
        -: 5861:	    {
        -: 5862:	      const pair<_Size, _Size> __p =
        -: 5863:		__gen_two_uniform_ints(__unsampled_sz, __unsampled_sz - 1, __g);
        -: 5864:
        -: 5865:	      --__unsampled_sz;
        -: 5866:	      if (__p.first < __n)
        -: 5867:		{
        -: 5868:		  *__out++ = *__first;
        -: 5869:		  --__n;
        -: 5870:		}
        -: 5871:
        -: 5872:	      ++__first;
        -: 5873:
        -: 5874:	      if (__n == 0) break;
        -: 5875:
        -: 5876:	      --__unsampled_sz;
        -: 5877:	      if (__p.second < __n)
        -: 5878:		{
        -: 5879:		  *__out++ = *__first;
        -: 5880:		  --__n;
        -: 5881:		}
        -: 5882:
        -: 5883:	      ++__first;
        -: 5884:	    }
        -: 5885:        }
        -: 5886:
        -: 5887:      // The loop above is otherwise equivalent to this one-at-a-time version:
        -: 5888:
        -: 5889:      for (; __n != 0; ++__first)
        -: 5890:	if (__d(__g, __param_type{0, --__unsampled_sz}) < __n)
        -: 5891:	  {
        -: 5892:	    *__out++ = *__first;
        -: 5893:	    --__n;
        -: 5894:	  }
        -: 5895:      return __out;
        -: 5896:    }
        -: 5897:#endif // C++14
        -: 5898:
        -: 5899:#ifdef __glibcxx_sample // C++ >= 17
        -: 5900:  /// Take a random sample from a population.
        -: 5901:  template<typename _PopulationIterator, typename _SampleIterator,
        -: 5902:           typename _Distance, typename _UniformRandomBitGenerator>
        -: 5903:    _SampleIterator
        -: 5904:    sample(_PopulationIterator __first, _PopulationIterator __last,
        -: 5905:	   _SampleIterator __out, _Distance __n,
        -: 5906:	   _UniformRandomBitGenerator&& __g)
        -: 5907:    {
        -: 5908:      using __pop_cat = typename
        -: 5909:	std::iterator_traits<_PopulationIterator>::iterator_category;
        -: 5910:      using __samp_cat = typename
        -: 5911:	std::iterator_traits<_SampleIterator>::iterator_category;
        -: 5912:
        -: 5913:      static_assert(
        -: 5914:	  __or_<is_convertible<__pop_cat, forward_iterator_tag>,
        -: 5915:		is_convertible<__samp_cat, random_access_iterator_tag>>::value,
        -: 5916:	  "output range must use a RandomAccessIterator when input range"
        -: 5917:	  " does not meet the ForwardIterator requirements");
        -: 5918:
        -: 5919:      static_assert(is_integral<_Distance>::value,
        -: 5920:		    "sample size must be an integer type");
        -: 5921:
        -: 5922:      typename iterator_traits<_PopulationIterator>::difference_type __d = __n;
        -: 5923:      return _GLIBCXX_STD_A::
        -: 5924:	__sample(__first, __last, __pop_cat{}, __out, __samp_cat{}, __d,
        -: 5925:		 std::forward<_UniformRandomBitGenerator>(__g));
        -: 5926:    }
        -: 5927:#endif // __glibcxx_sample
        -: 5928:
        -: 5929:_GLIBCXX_END_NAMESPACE_ALGO
        -: 5930:_GLIBCXX_END_NAMESPACE_VERSION
        -: 5931:} // namespace std
        -: 5932:
        -: 5933:#pragma GCC diagnostic pop
        -: 5934:
        -: 5935:#endif /* _STL_ALGO_H */
